C51 COMPILER V9.60.0.0   MAIN                                                              06/27/2021 16:39:52 PAGE 1   


C51 COMPILER V9.60.0.0, COMPILATION OF MODULE MAIN
OBJECT MODULE PLACED IN .\Objects\main.obj
COMPILER INVOKED BY: C:\Keil_v5\C51\BIN\C51.EXE main.c OPTIMIZE(8,SPEED) BROWSE DEBUG OBJECTEXTEND PRINT(.\Listings\main
                    -.lst) TABS(2) OBJECT(.\Objects\main.obj)

line level    source

   1          #include <regx52.h>
   2          
   3          
   4          unsigned char Read(unsigned char a)
   5          {
   6   1        bit _rbit;
   7   1        unsigned char i;
   8   1        unsigned char data = 0x00;
*** ERROR C141 IN LINE 8 OF main.c: syntax error near '=', expected '<id>'
   9   1        for(i = 0; i < 8; i++)
  10   1        {
  11   2          _rbit = a;
  12   2          data <<= 1;
*** ERROR C141 IN LINE 12 OF main.c: syntax error near 'data', expected '__asm'
  13   2          data = data | _rbit;
*** ERROR C141 IN LINE 13 OF main.c: syntax error near 'data', expected '__asm'
  14   2        }
  15   1        return data;
*** ERROR C141 IN LINE 15 OF main.c: syntax error near 'data', expected ';'
  16   1      }
  17          
  18          //#define RS P0_0
  19          //#define E P0_1
  20          //#define Data P2
  21          
  22          
  23          //void Sleep_ms(unsigned int t)
  24          //{
  25          //  unsigned int i,j;
  26          //  for(i = 0; i < t; i++)
  27          //  {
  28          //    for(j = 0; j < 123; j++);
  29          //  }
  30          //}
  31          
  32          //void Send_cmd(unsigned char a)
  33          //{
  34          //  RS = 0;
  35          //  Data = a;
  36          //  E = 0;
  37          //  E = 1;
  38          //  if(a <= 0x02)
  39          //    Sleep_ms(2);
  40          //  else
  41          //    Sleep_ms(1);
  42          //}
  43          
  44          //void Send_Data(unsigned char b)
  45          //{
  46          //  RS = 1;
  47          //  Data = b;
  48          //  E = 0;
  49          //  E = 1;
  50          //  Sleep_ms(1);
C51 COMPILER V9.60.0.0   MAIN                                                              06/27/2021 16:39:52 PAGE 2   

  51          //}
  52          
  53          //void Send_String(unsigned char *p)
  54          //{
  55          //  unsigned char i = 0;
  56          //  while(p[i] != 0)
  57          //  {
  58          //    Send_Data(p[i]);
  59          //    i++;
  60          //  }
  61          //}
  62          
  63          //void Initialize()
  64          //{
  65          //  Sleep_ms(100);
  66          //  Send_cmd(0x30);
  67          //  Sleep_ms(5);
  68          //  Send_cmd(0x30);
  69          //  Sleep_ms(1);
  70          //  Send_cmd(0x30);
  71          //  Send_cmd(0x38);
  72          //  Send_cmd(0x01);
  73          //  Sleep_ms(2);
  74          //  Send_cmd(0x0C);
  75          //  Sleep_ms(1);
  76          //}
  77          
  78          
  79          //void Send_Any(unsigned char Row, unsigned char Col, unsigned char Data)
  80          //{
  81          //  unsigned char a;
  82          //  a = (Row == 1 ? 0x80:0xC0) + Col - 1;
  83          //  Send_cmd(a);
  84          //  Send_Data(Data);
  85          //}
  86          
  87          //void Count()
  88          //{
  89          //  unsigned char i;
  90          //  for(i = 0; i <= 100; i++)
  91          //  {
  92          //    Send_Data(i);
  93          //    Sleep_ms(200);
  94          //  }
  95          //}
  96          
  97          void main()
  98          {
  99   1      //  Initialize();
 100   1      //  Send_Data(100);
 101   1      //  Sleep_ms(1000);
 102   1      //  while(1)
 103   1      //  {
 104   1      //    Count();
 105   1      //  }
 106   1        
 107   1        unsigned char a = Read(0x12);
 108   1        
 109   1        
 110   1        
 111   1        
 112   1        
C51 COMPILER V9.60.0.0   MAIN                                                              06/27/2021 16:39:52 PAGE 3   

 113   1        
 114   1        
 115   1        
 116   1        
 117   1        
 118   1        
 119   1        
 120   1        
 121   1        
 122   1        
 123   1        
 124   1        
 125   1        
 126   1      }

C51 COMPILATION COMPLETE.  0 WARNING(S),  4 ERROR(S)
