C51 COMPILER V9.60.0.0   MAIN                                                              07/29/2021 16:29:06 PAGE 1   


C51 COMPILER V9.60.0.0, COMPILATION OF MODULE MAIN
OBJECT MODULE PLACED IN .\Objects\main.obj
COMPILER INVOKED BY: C:\Keil_v5\C51\BIN\C51.EXE main.c OMF2 OPTIMIZE(8,SPEED) BROWSE DEBUG PRINT(.\Listings\main.lst) TA
                    -BS(2) OBJECT(.\Objects\main.obj)

line level    source

   1          #include <regx52.h>
   2          #include <stdio.h>
   3          
   4          // Ham dung chuong trinh
   5          void Sleep_ms(unsigned int t)
   6          {
   7   1        unsigned int i, j;
   8   1        for(i = 0; i < t; i++)
   9   1        {
  10   2          for(j = 0; j < 123; j++);
  11   2        }
  12   1      }
  13          
  14          // Ham cau hinh chong 
  15          void Uart_Init()
  16          {
  17   1        // Chon timer1 che do 2 8bit tu nap lai 
  18   1        TMOD &= 0x0F;
  19   1        TMOD |= 0x20;
  20   1        
  21   1        // Con che do truyen thong 1 8bit toc do baud duoc cai boi timer1
  22   1        SM0 = 0;
  23   1        SM1 = 1;
  24   1        
  25   1        // Cai dat toc do baud 9600
  26   1        TH1 = 0xFD;
  27   1        
  28   1        // Cho phep nhan du lieu 
  29   1        REN = 1;
  30   1        
  31   1        // Gan TI = 1 de biet rang da san sang gui du lieu tiep theo
  32   1        TI = 1;
  33   1      
  34   1        // Khoi dong timer 1;
  35   1        TR1 = 1;
  36   1      }
  37          
  38          // Gui du lieu tu vi dieu khien ra cho thiet bi ngoai
  39          void Uart_Write(unsigned char _data)
  40          {
  41   1        while(TI == 0);
  42   1        TI = 0;
  43   1        SBUF = _data;
  44   1      }
  45          
  46          // Ham kiem tra xem co du lieu duoc gui tu ben ngoai khong 
  47          unsigned char Uart_Ready()
  48          {
  49   1        return RI;
  50   1      }
  51          
  52          // Ham gui du lieu tu thiet bi ngoai vao vi dieu khien 
  53          unsigned char Uart_Read()
  54          {
C51 COMPILER V9.60.0.0   MAIN                                                              07/29/2021 16:29:06 PAGE 2   

  55   1        RI = 0;
  56   1        return SBUF;
  57   1      }
  58          
  59          
  60          
  61          
  62          void main()
  63          {
  64   1      
  65   1        Uart_Init();
  66   1        while(1)
  67   1        {
  68   2          printf("Em Chao Anh Dong");
  69   2          Sleep_ms(1000);
  70   2          putchar(13);
  71   2        }
  72   1      }


MODULE INFORMATION:   STATIC OVERLAYABLE
   CODE SIZE        =     97    ----
   CONSTANT SIZE    =     17    ----
   XDATA SIZE       =   ----    ----
   PDATA SIZE       =   ----    ----
   DATA SIZE        =   ----    ----
   IDATA SIZE       =   ----    ----
   BIT SIZE         =   ----    ----
   EDATA SIZE       =   ----    ----
   HDATA SIZE       =   ----    ----
   XDATA CONST SIZE =   ----    ----
   FAR CONST SIZE   =   ----    ----
END OF MODULE INFORMATION.


C51 COMPILATION COMPLETE.  0 WARNING(S),  0 ERROR(S)
