C51 COMPILER V9.60.0.0   LCD_LICHVANNIEN_MATRIX_INTERRUPT                                  07/06/2021 09:50:39 PAGE 1   


C51 COMPILER V9.60.0.0, COMPILATION OF MODULE LCD_LICHVANNIEN_MATRIX_INTERRUPT
OBJECT MODULE PLACED IN .\Objects\LCD_LichVanNien_Matrix_Interrupt.obj
COMPILER INVOKED BY: C:\Keil_v5\C51\BIN\C51.EXE LCD_LichVanNien_Matrix_Interrupt.c OPTIMIZE(8,SPEED) BROWSE DEBUG OBJECT
                    -EXTEND PRINT(.\Listings\LCD_LichVanNien_Matrix_Interrupt.lst) TABS(2) OBJECT(.\Objects\LCD_LichVanNien_Matrix_Interrupt.
                    -obj)

line level    source

   1          #include "LCD_LichVanNien_Matrix_Interrupt.h"
   2          
   3          unsigned char code Number[10][6]= {
   4                                              0xC1, 0x80, 0xAE, 0xB6, 0x80, 0xC1,      // 0
   5                                              0xFE, 0xEE, 0x80, 0x80, 0xFE, 0xFE,      // 1
   6                                              0xDC, 0x98, 0xBA, 0xB6, 0x86, 0xCE,      // 2
   7                                              0xDD, 0x9C, 0xB6, 0xB6, 0x80, 0xC9,      // 3
   8                                              0xF3, 0xEB, 0xDB, 0x80, 0x80, 0xFB,      // 4
   9                                              0x8D, 0x8C, 0xAE, 0xAE, 0xA0, 0xB1,      // 5
  10                                              0xC1, 0x80, 0xB6, 0xB6, 0x90, 0xD9,      // 6
  11                                              0x9F, 0x9F, 0xB8, 0xA0, 0x87, 0x9F,      // 7
  12                                              0xC9, 0x80, 0xB6, 0xB6, 0x80, 0xC9,      // 8
  13                                              0xCD, 0x84, 0xB6, 0xB6, 0x80, 0xC1,      // 9
  14                                            };
  15          
  16          unsigned char _DATA[48] = {
  17                                        0xFF, // 0
  18                                        0xFF, 0xFF, 0xFF, 0xFF, 0xFF, 0xFF, // 6
  19                                        0xFF, 0xFF, 0xFF, 0xFF, 0xFF, 0xFF, // 12
  20                                        0xFF, 0xFF, // 14 
  21                                        0xEB,       // 15
  22                                        0xFF, 0xFF, // 17
  23                                        0xFF, 0xFF, 0xFF, 0xFF, 0xFF, 0xFF, // 23
  24                                        0xFF, 0xFF, 0xFF, 0xFF, 0xFF, 0xFF, // 29
  25                                        0xFF, 0xFF, // 31
  26                                        0xEB,       // 32
  27                                        0xFF, 0xFF, // 34
  28                                        0xFF, 0xFF, 0xFF, 0xFF, 0xFF, 0xFF, // 40
  29                                        0xFF, 0xFF, 0xFF, 0xFF, 0xFF, 0xFF, // 46
  30                                        0xFF // 47
  31                                    };
  32          
  33          unsigned char code Cot[] = { 0x01, 0x02, 0x04, 0x08, 0x10, 0x20, 0x40, 0x80 };
  34          
  35          void Set_hour(unsigned char _hour)
  36          {
  37   1        unsigned char _Hour, _HOUR, i, j;
  38   1        _Hour = _hour / 10;
  39   1        for(i = 1; i <= 6; i++)
  40   1        {
  41   2          _DATA[i] = Number[_Hour][i - 1];
  42   2        }
  43   1        _HOUR = _hour % 10;
  44   1        for(j = 7; j <=12; j++)
  45   1        {
  46   2          _DATA[j] = Number[_HOUR][j - 7];
  47   2        }
  48   1      }
  49          
  50          void Set_minute(unsigned char _minute)
  51          {
  52   1        unsigned char _Minute, _MINUTE, i, j;
  53   1        _Minute = _minute / 10;
C51 COMPILER V9.60.0.0   LCD_LICHVANNIEN_MATRIX_INTERRUPT                                  07/06/2021 09:50:39 PAGE 2   

  54   1        for(i = 18; i <= 23; i++)
  55   1        {
  56   2          _DATA[i] = Number[_Minute][i - 18];
  57   2        }
  58   1        _MINUTE = _minute % 10;
  59   1        for(j = 24; j <= 29; j++)
  60   1        {
  61   2          _DATA[j] = Number[_MINUTE][j - 24];
  62   2        }
  63   1      }
  64          
  65          void Set_second(unsigned char _second)
  66          {
  67   1        unsigned char _Second, _SECOND, i, j;
  68   1        _Second = _second / 10;
  69   1        for(i = 35; i <= 40; i++)
  70   1        {
  71   2          _DATA[i] = Number[_Second][i - 35];
  72   2        }
  73   1        _SECOND = _second % 10;
  74   1        for(j = 41; j <= 46; j++)
  75   1        {
  76   2          _DATA[j] = Number[_SECOND][j - 41];
  77   2        }
  78   1      }
  79                                  
  80          // Sleep function 
  81          void Sleep_ms(unsigned int t)
  82          {
  83   1        unsigned int i, j;
  84   1        for(i = 0; i < t; i++)
  85   1        {
  86   2          for(j = 0; j < 123; j++);
  87   2        }
  88   1      }
  89          
  90          
  91          // 74HC595
  92          void Send_Data(unsigned char a)
  93          {
  94   1        unsigned char i;
  95   1        for(i = 0; i < 8; i++)
  96   1        {
  97   2          DS = a & (0x80 >> i);
  98   2          SH_CP = 0;
  99   2          SH_CP = 1;
 100   2        }
 101   1        ST_CP = 0;
 102   1        ST_CP = 1;
 103   1      }
 104          
 105          
 106          // DS1307
 107          
 108          void DS1307_Start()
 109          {
 110   1        SCL = 1;
 111   1        SDA = 1;
 112   1        SDA = 0;
 113   1        SCL = 0;
 114   1      }
 115          
C51 COMPILER V9.60.0.0   LCD_LICHVANNIEN_MATRIX_INTERRUPT                                  07/06/2021 09:50:39 PAGE 3   

 116          void DS1307_Stop()
 117          {
 118   1        SCL = 1;
 119   1        SDA = 0;
 120   1        SDA = 1;
 121   1      }
 122          
 123          void Write(unsigned char a)
 124          {
 125   1        unsigned char i;
 126   1        for(i = 0; i < 8; i++)
 127   1        {
 128   2          SDA = a & (0x80 >> i);
 129   2          SCL = 1;
 130   2          SCL = 0;
 131   2        }
 132   1        SCL = 1;
 133   1        SCL = 0;
 134   1      }
 135          
 136          unsigned char Read()
 137          {
 138   1        unsigned char _rdata;
 139   1        unsigned char _data, i;
 140   1        _data = 0x00;
 141   1        for(i = 0; i < 8; i++)
 142   1        {
 143   2          SCL = 1;
 144   2          _rdata = SDA;
 145   2          _data <<= 1;
 146   2          _data |= _rdata;
 147   2          SCL = 0;
 148   2        }
 149   1        return _data;
 150   1      }
 151          void DS1307_Write(unsigned char _address, unsigned char _data)
 152          {
 153   1        unsigned char __data; 
 154   1        __data = (_data / 10) *16 + (_data % 10);
 155   1        DS1307_Start();
 156   1        Write(0xD0);
 157   1        Write(_address);
 158   1        Write(__data);
 159   1        DS1307_Stop();
 160   1      }
 161          
 162          unsigned char DS1307_Read(unsigned char _address)
 163          {
 164   1          unsigned char _data;
 165   1          DS1307_Start();
 166   1          Write(0xD0);
 167   1          Write(_address);
 168   1          DS1307_Start();
 169   1          Write(0xD1);
 170   1          _data = Read();
 171   1          DS1307_Stop();
 172   1          _data = (_data / 16) * 10 + (_data % 16);
 173   1        return _data;
 174   1      }
 175          
 176          
 177          
C51 COMPILER V9.60.0.0   LCD_LICHVANNIEN_MATRIX_INTERRUPT                                  07/06/2021 09:50:39 PAGE 4   

 178          void LED_MATRIX()
 179          {
 180   1        unsigned char _second, _minute, _hour;
 181   1        unsigned char i;
 182   1        // Tao xung o chan INT1 = 1Hz
 183   1        DS1307_Write(0x07, 0x10);
 184   1        
 185   1        // Cho phep ngat theo suon
 186   1        IT1 = 1;
 187   1        // Cho phep ngat ngoai 1 
 188   1        EX1 = 1;
 189   1        // Cho phep ngat
 190   1        EA = 1;
 191   1        
 192   1        while(1)
 193   1        {
 194   2          _second = DS1307_Read(SECOND);
 195   2          _minute = DS1307_Read(MINUTE);
 196   2          _hour   = DS1307_Read(HOUR);
 197   2          Set_hour(_hour);
 198   2          Set_minute(_minute);
 199   2          Set_second(_second);
 200   2          for(i = 0; i < 8; i++)
 201   2          {
 202   3            Send_Data(_DATA[i]);
 203   3            Send_Data(_DATA[i + 8]);
 204   3            Send_Data(_DATA[i + 16]);
 205   3            Send_Data(_DATA[i + 24]);
 206   3            Send_Data(_DATA[i + 32]);
 207   3            Send_Data(_DATA[i + 40]);
 208   3            LED = Cot[i];
 209   3            Sleep_ms(1);
 210   3            LED = 0x00;
 211   3          }
 212   2          PCON |= 0x01;
 213   2        }
 214   1      }
 215          
 216          void EX1_ISR(void) interrupt 2
 217          {
 218   1      }
 219          
 220          
 221          
 222          
 223          
 224          
 225          
 226          
 227          
 228          
 229          
 230          
 231          
 232          
 233          
 234          
 235          
 236          
 237          
 238          
 239          
C51 COMPILER V9.60.0.0   LCD_LICHVANNIEN_MATRIX_INTERRUPT                                  07/06/2021 09:50:39 PAGE 5   

 240          
 241          
 242          
 243          
 244          
 245          
 246          
 247          
 248          
 249          
 250          
 251          
 252          
 253          
 254          
 255          
 256          
 257          
 258          
 259          
 260          
 261          
 262          
 263          
 264          
 265          


MODULE INFORMATION:   STATIC OVERLAYABLE
   CODE SIZE        =    711    ----
   CONSTANT SIZE    =     68    ----
   XDATA SIZE       =   ----    ----
   PDATA SIZE       =   ----    ----
   DATA SIZE        =     48    ----
   IDATA SIZE       =   ----    ----
   BIT SIZE         =   ----    ----
END OF MODULE INFORMATION.


C51 COMPILATION COMPLETE.  0 WARNING(S),  0 ERROR(S)
