C51 COMPILER V9.60.0.0   MAIN                                                              07/15/2021 14:13:22 PAGE 1   


C51 COMPILER V9.60.0.0, COMPILATION OF MODULE MAIN
OBJECT MODULE PLACED IN .\Objects\main.obj
COMPILER INVOKED BY: C:\Keil_v5\C51\BIN\C51.EXE main.c OPTIMIZE(8,SPEED) BROWSE DEBUG OBJECTEXTEND PRINT(.\Listings\main
                    -.lst) TABS(2) OBJECT(.\Objects\main.obj)

line level    source

   1          #include <regx51.h>
   2          
   3          void Sleep_ms(unsigned int t)
   4          {
   5   1        unsigned int i, j;
   6   1        for(i = 0; i < t; i++)
   7   1        {
   8   2          for(j = 0; j < 123; j++);
   9   2        }
  10   1      }
  11          
  12          sbit BTN1 = P1^0;
  13          sbit BTN2 = P1^1;
  14          sbit BTN3 = P1^2;
  15          sbit BTN4 = P1^3;
  16          
  17          sbit LED1 = P2^0;
  18          sbit LED2 = P2^1;
  19          sbit LED3 = P2^2;
  20          sbit LED4 = P2^3;
  21          
  22          
  23          void main()
  24          {
  25   1        IT1 = 1;
  26   1        EX1 = 1;
  27   1        EA = 1;
  28   1        
  29   1        LED1 = LED2 = LED3 = LED4 = 0;
  30   1        while(1)
  31   1        {
  32   2          PCON = PCON | 0x01;
  33   2        }
  34   1      }
  35          
  36          void EX1_ISR(void) interrupt 2
  37          {
  38   1        Sleep_ms(2);
  39   1        if(BTN1 == 0)
  40   1        {
  41   2          LED1 = !LED1;
  42   2          while(BTN1 == 0);
  43   2        }
  44   1        if(BTN2 == 0)
  45   1        {
  46   2          LED2 = !LED2;
  47   2          while(BTN2 == 0);
  48   2        }
  49   1        if(BTN3 == 0)
  50   1        {
  51   2          LED3 = !LED3;
  52   2          while(BTN3 == 0);
  53   2        }
  54   1        if(BTN4 == 0)
C51 COMPILER V9.60.0.0   MAIN                                                              07/15/2021 14:13:22 PAGE 2   

  55   1        {
  56   2          LED4 = !LED4;
  57   2          while(BTN4 == 0);
  58   2        }
  59   1      }


MODULE INFORMATION:   STATIC OVERLAYABLE
   CODE SIZE        =    126    ----
   CONSTANT SIZE    =   ----    ----
   XDATA SIZE       =   ----    ----
   PDATA SIZE       =   ----    ----
   DATA SIZE        =   ----    ----
   IDATA SIZE       =   ----    ----
   BIT SIZE         =   ----    ----
END OF MODULE INFORMATION.


C51 COMPILATION COMPLETE.  0 WARNING(S),  0 ERROR(S)
