C51 COMPILER V9.60.0.0   MAIN                                                              07/28/2021 13:15:32 PAGE 1   


C51 COMPILER V9.60.0.0, COMPILATION OF MODULE MAIN
OBJECT MODULE PLACED IN .\Objects\main.obj
COMPILER INVOKED BY: C:\Keil_v5\C51\BIN\C51.EXE main.c OPTIMIZE(8,SPEED) BROWSE DEBUG OBJECTEXTEND PRINT(.\Listings\main
                    -.lst) TABS(2) OBJECT(.\Objects\main.obj)

line level    source

   1          #include <regx52.h>
   2          
   3          sbit ON = P1^0;
   4          sbit OFF = P1^2;
   5          
   6          // Ham dung chuong trinh trong ? milisecond
   7          void Sleep_ms(unsigned int t)
   8          {
   9   1        unsigned int i, j;
  10   1        for(i = 0; i < t; i++)
  11   1        {
  12   2          for(j = 0; j < 123; j++);
  13   2        }
  14   1      }
  15          
  16          void Init_Uart()
  17          {
  18   1        // chon timer 8bit tu nap lai 
  19   1        TMOD &= 0x0F;
  20   1        TMOD |= 0x20;
  21   1        
  22   1        // chon truyen che do 1 8bit toc do baud duoc cai boi timer1
  23   1        SM0 = 0;
  24   1        SM1 = 1;
  25   1        
  26   1        // cai dat toc do baud 9600 bang cach nap cho thanh ghi TH1 
  27   1        TH1 = 0xFD;
  28   1        
  29   1        TI = 1;
  30   1        // khoi dong timer 1
  31   1        TR1 = 1;
  32   1      }
  33          
  34          void Uart_Write(unsigned char _data)
  35          {
  36   1        while(TI == 0);
  37   1        TI = 0;
  38   1        SBUF = _data;
  39   1      }
  40          
  41          
  42          void main()
  43          {
  44   1        Init_Uart();
  45   1        while(1)
  46   1        {
  47   2          if(ON == 0)
  48   2          {
  49   3            Sleep_ms(20);
  50   3            if(ON == 0)
  51   3            {
  52   4              Uart_Write(0x01);
  53   4              while(ON == 0);
  54   4            }
C51 COMPILER V9.60.0.0   MAIN                                                              07/28/2021 13:15:32 PAGE 2   

  55   3          }
  56   2          else if(OFF == 0)
  57   2          {
  58   3            Sleep_ms(20);
  59   3            {
  60   4              if(OFF == 0)
  61   4              {
  62   5                Uart_Write(0x02);
  63   5                while(OFF == 0);
  64   5              }
  65   4            }
  66   3          }
  67   2        }
  68   1      }


MODULE INFORMATION:   STATIC OVERLAYABLE
   CODE SIZE        =    107    ----
   CONSTANT SIZE    =   ----    ----
   XDATA SIZE       =   ----    ----
   PDATA SIZE       =   ----    ----
   DATA SIZE        =   ----    ----
   IDATA SIZE       =   ----    ----
   BIT SIZE         =   ----    ----
END OF MODULE INFORMATION.


C51 COMPILATION COMPLETE.  0 WARNING(S),  0 ERROR(S)
