C51 COMPILER V9.60.0.0   MAIN                                                              08/12/2021 17:16:46 PAGE 1   


C51 COMPILER V9.60.0.0, COMPILATION OF MODULE MAIN
OBJECT MODULE PLACED IN .\Objects\main.obj
COMPILER INVOKED BY: C:\Keil_v5\C51\BIN\C51.EXE main.c OPTIMIZE(8,SPEED) BROWSE DEBUG OBJECTEXTEND PRINT(.\Listings\main
                    -.lst) TABS(2) OBJECT(.\Objects\main.obj)

line level    source

   1          #include <regx52.h>
   2          
   3          // Khai bai chan tao xung PWM
   4          sbit PWM = P3^4;
   5          // Khai bao bien duty cycle
   6          unsigned char _duty_cycle;
   7          
   8          // Khai bao cho ky, thoi gian o muc cao, thoi gian o muc thap.
   9          unsigned int T, T_on, T_off;
  10          
  11          // Khai bao gia tri nao vao cho timer0 de tao thoi gian tre cho muc cao va muc thap
  12          unsigned int TH0_on_Reload, TL0_on_Reload, TH0_off_Reload, TL0_off_Reload;
  13          
  14          // Khai nao bien de dieu khien do sang cua bong den 
  15          unsigned char SET = 0, DOWN = 0, UP = 1;
  16          void Sleep_ms(unsigned int t)
  17          {
  18   1        unsigned int i, j;
  19   1        for( i = 0; i < t; i++)
  20   1        {
  21   2          for(j = 0; j < 123; j++);
  22   2        }
  23   1      }
  24          
  25          void PWM_Init(unsigned int ck)
  26          {
  27   1        PWM = 1;
  28   1        // Chon timer0 che do 16 bit
  29   1        TMOD &= 0xF0;
  30   1        TMOD |= 0x01;
  31   1        
  32   1        ET0 = 1;
  33   1        EA = 1;
  34   1        
  35   1        T = ck;
  36   1        
  37   1        T_on = T/2;
  38   1        T_off = T - T_on;
  39   1        
  40   1        TH0_on_Reload = (65536 - T_on) >> 8;
  41   1        TL0_on_Reload = (65536 - T_on) & 0x00FF;
  42   1        
  43   1        TH0_off_Reload = (65536 - T_off) >> 8;
  44   1        TL0_off_Reload = (65536 - T_off) & 0x00FF;
  45   1        
  46   1        TH0 = TH0_on_Reload;
  47   1        TL0 = TL0_on_Reload;
  48   1      }
  49          
  50          void _Set_PWM(unsigned char _duty)
  51          {
  52   1        PWM = !PWM;
  53   1        if(_duty == 0)
  54   1        {
C51 COMPILER V9.60.0.0   MAIN                                                              08/12/2021 17:16:46 PAGE 2   

  55   2          PWM = 0;
  56   2          ET0 = 0;
  57   2        }
  58   1        else if(_duty == 100)
  59   1        {
  60   2          PWM = 1;
  61   2          ET0 = 0;
  62   2        }
  63   1        else
  64   1        {
  65   2          T_on = (unsigned long)(T) * _duty / 100;
  66   2          T_off = T - T_on;
  67   2          
  68   2          TH0_on_Reload = (65536 - T_on) >> 8;
  69   2          TL0_on_Reload = (65536 - T_on) & 0x00FF;
  70   2          
  71   2          TH0_off_Reload = (65536 - T_off) >> 8;
  72   2          TL0_off_Reload = (65536 - T_off) & 0x00FF;
  73   2          
  74   2          TH0 = TH0_on_Reload;
  75   2          TL0 = TL0_on_Reload;
  76   2          ET0 = 1;
  77   2        }
  78   1      }
  79          
  80          
  81          void Start()
  82          {
  83   1        TR0 = 1;
  84   1      }
  85          
  86          void Stop()
  87          {
  88   1        TR0 = 0;
  89   1      }
  90          
  91          
  92          
  93          
  94          void main()
  95          {
  96   1        unsigned char dur = UP, duty = 0;
  97   1        PWM_Init(1000);
  98   1        Start();
  99   1        
 100   1        while(1)
 101   1        {
 102   2          Sleep_ms(100);
 103   2          if(dur == UP)
 104   2          {
 105   3            duty += 2;
 106   3            if(duty == 100)
 107   3            {
 108   4              dur = DOWN;
 109   4            }
 110   3          }
 111   2          else
 112   2          {
 113   3            duty -= 2;
 114   3            if(duty == 0)
 115   3            {
 116   4              dur = UP;
C51 COMPILER V9.60.0.0   MAIN                                                              08/12/2021 17:16:46 PAGE 3   

 117   4            }
 118   3          }
 119   2          _Set_PWM(duty);
 120   2        }
 121   1      }
 122          
 123          void Ngat_Timer0(void) interrupt 1
 124          {
 125   1        Stop();
 126   1        PWM = !PWM;
 127   1        if(PWM == 1)
 128   1        {
 129   2          TH0 = TH0_on_Reload;
 130   2          TL0 = TL0_on_Reload;
 131   2        }
 132   1        else
 133   1        {
 134   2          TH0 = TH0_off_Reload;
 135   2          TL0 = TL0_off_Reload;
 136   2        }
 137   1        Start();
 138   1      }
 139          
 140          
 141          
 142          
 143          
 144          
 145          
 146          
 147          
 148          
 149          
 150          
 151          
 152          
 153          
 154          
 155          


MODULE INFORMATION:   STATIC OVERLAYABLE
   CODE SIZE        =    402    ----
   CONSTANT SIZE    =   ----    ----
   XDATA SIZE       =   ----    ----
   PDATA SIZE       =   ----    ----
   DATA SIZE        =     18       2
   IDATA SIZE       =   ----    ----
   BIT SIZE         =   ----    ----
END OF MODULE INFORMATION.


C51 COMPILATION COMPLETE.  0 WARNING(S),  0 ERROR(S)
