C51 COMPILER V9.60.0.0   MACH_KICH_HOAT_NO_TU                                              05/18/2021 10:03:53 PAGE 1   


C51 COMPILER V9.60.0.0, COMPILATION OF MODULE MACH_KICH_HOAT_NO_TU
OBJECT MODULE PLACED IN .\Objects\Mach_Kich_Hoat_No_Tu.obj
COMPILER INVOKED BY: C:\Keil_v5\C51\BIN\C51.EXE Mach_Kich_Hoat_No_Tu.c OPTIMIZE(8,SPEED) BROWSE DEBUG OBJECTEXTEND PRINT
                    -(.\Listings\Mach_Kich_Hoat_No_Tu.lst) TABS(2) OBJECT(.\Objects\Mach_Kich_Hoat_No_Tu.obj)

line level    source

   1          #include "Mach_Kich_Hoat_No_Tu.h"
   2          unsigned char code LED[] = {0xC0, 0xF9, 0xA4, 0xB0, 0x99, 0x92, 0x82, 0xF8, 0x80, 0x90};
   3          
   4          
   5          void Sleep_ms(unsigned int t)
   6          {
   7   1        unsigned int a,b;
   8   1        for(a = 0; a < t; a++)
   9   1        {
  10   2          for(b = 0; b < 123; b++);
  11   2        }
  12   1      }
  13          
  14          void Kich_Hoat()
  15          {
  16   1        if( Button == 0)
  17   1        {
  18   2          signed char i, j;
  19   2          for(i = 1; i >= 0; i--)
  20   2          {
  21   3            LED1 = LED[i];
  22   3            for(j = 9; j>=0 ; j--)
  23   3            {
  24   4              LED2 = LED[j];
  25   4              Sleep_ms(1000);
  26   4            }
  27   3          } 
  28   2          Activate = 0;
  29   2          for(i = 1; i >= 0; i--)
  30   2          {
  31   3            LED1 = LED[i];
  32   3            if(i == 1)
  33   3            {
  34   4              for(j = 0; j >= 0; j--)
  35   4              {
  36   5                LED2 = LED[j];
  37   5                Sleep_ms(1000);
  38   5              }
  39   4            }
  40   3            else
  41   3            {
  42   4              for(j = 9; j>=0 ; j--)
  43   4                {
  44   5                  LED2 = LED[j];
  45   5                  Sleep_ms(1000);
  46   5                }
  47   4            }
  48   3          } 
  49   2          Activate = 1;
  50   2        }
  51   1      }


MODULE INFORMATION:   STATIC OVERLAYABLE
C51 COMPILER V9.60.0.0   MACH_KICH_HOAT_NO_TU                                              05/18/2021 10:03:53 PAGE 2   

   CODE SIZE        =    222    ----
   CONSTANT SIZE    =     10    ----
   XDATA SIZE       =   ----    ----
   PDATA SIZE       =   ----    ----
   DATA SIZE        =   ----       2
   IDATA SIZE       =   ----    ----
   BIT SIZE         =   ----    ----
END OF MODULE INFORMATION.


C51 COMPILATION COMPLETE.  0 WARNING(S),  0 ERROR(S)
