C51 COMPILER V9.60.0.0   MAIN                                                              08/12/2021 16:02:03 PAGE 1   


C51 COMPILER V9.60.0.0, COMPILATION OF MODULE MAIN
OBJECT MODULE PLACED IN .\Objects\main.obj
COMPILER INVOKED BY: C:\Keil_v5\C51\BIN\C51.EXE main.c OPTIMIZE(8,SPEED) BROWSE DEBUG OBJECTEXTEND PRINT(.\Listings\main
                    -.lst) TABS(2) OBJECT(.\Objects\main.obj)

line level    source

   1          #include <regx52.h>
   2          
   3          // Khoi tao xung ra tu p3_4;
   4          sbit PWM = P3^4;
   5          
   6          // Khoi tao bien duty_cycle
   7          unsigned char Duty_Cycle;
   8          
   9          // Khoi tao bien de luu gia tri cua chu ki 
  10          unsigned int T, T_on, T_off;
  11          
  12          // Khoi tao bien de luu gia tri nap lai cho Timer khi o muc cao va muc thap 
  13          unsigned char TH0_on_Reload, TL0_on_Reload, TH0_off_Reload, TL0_off_Reload;
  14          
  15          // Tao ham dung chuong trinh trong ?milisecond
  16          void Sleep_ms(unsigned int t)
  17          {
  18   1        unsigned int i, j;
  19   1        for(i = 0; i < t; i++)
  20   1        {
  21   2          for(j = 0; j < 123; j++);
  22   2        }
  23   1      }
  24          
  25          
  26          void _PWM_Init(unsigned int ck)
  27          {
  28   1        PWM = 1;
  29   1        // Khoi tao timer0 16 bit (dem tu 0 - 65536);
  30   1        TMOD &= 0xF0;
  31   1        TMOD |= 0x01;
  32   1        
  33   1        // Cho phep ngat timer0;
  34   1        ET0 = 1;
  35   1        EA = 1;
  36   1        
  37   1        T = ck;
  38   1        T_on = T/2;
  39   1        T_off = T - T_on;
  40   1        
  41   1        // Khoi tao gia tri de nap cho timer khi o muc cao 
  42   1        TH0_on_Reload = (65536 - T_on) >> 8;
  43   1        TL0_on_Reload = (65536 - T_on) & 0x00FF;
  44   1        
  45   1        // Khoi tao gia tri de nap cho timer khi i muc thap
  46   1        TH0_off_Reload = (65536 - T_off) >> 8;
  47   1        TL0_off_Reload = (65536 - T_off) & 0x00FF;
  48   1        
  49   1        // Nap gia tri cho timer0
  50   1        TH0 = TH0_on_Reload;
  51   1        TL0 = TL0_on_Reload;
  52   1        
  53   1      }
  54          
C51 COMPILER V9.60.0.0   MAIN                                                              08/12/2021 16:02:03 PAGE 2   

  55          void _Set_Duty_Cycle(unsigned char _duty_cycle)
  56          {
  57   1        if(_duty_cycle == 0)
  58   1        {
  59   2          PWM = 0;
  60   2          ET0 = 0;
  61   2        }
  62   1        else if(_duty_cycle == 100)
  63   1        {
  64   2          PWM = 1;
  65   2          ET0 = 0;
  66   2        }
  67   1        else
  68   1        {
  69   2          Duty_Cycle = _duty_cycle;
  70   2          T_on = (unsigned long)(T) * Duty_Cycle / 100;
  71   2          T_off = T - T_on;
  72   2          
  73   2          // Khoi tao gia tri de nap cho timer khi o muc cao 
  74   2          TH0_on_Reload = (65536 - T_on) >> 8;
  75   2          TL0_on_Reload = (65536 - T_on) & (0x00FF);
  76   2          
  77   2          // Khoi tao gia tri de nap cho timer khi i muc thap
  78   2          TH0_off_Reload = (65536 - T_off) >> 8;
  79   2          TL0_off_Reload = (65536 - T_off) & (0x00FF);
  80   2          ET0 = 1;
  81   2        }
  82   1      }
  83          
  84          void PWM_Start()
  85          {
  86   1        TR0 = 1;
  87   1      }
  88          
  89          void PWM_Stop()
  90          {
  91   1        TR0 = 0;
  92   1      }
  93          
  94          
  95          void main()
  96          {
  97   1        _PWM_Init(1000);
  98   1        PWM_Start();
  99   1        _Set_Duty_Cycle(99);
 100   1        while(1)
 101   1        {
 102   2        }
 103   1        
 104   1      }
 105          
 106          
 107          void _PWM_Interrupt(void) interrupt 1
 108          {
 109   1        PWM_Stop();
 110   1        PWM = !PWM;
 111   1        if(PWM)
 112   1        {
 113   2          TH0 = TH0_on_Reload;
 114   2          TL0 = TL0_on_Reload;
 115   2        }
 116   1        else
C51 COMPILER V9.60.0.0   MAIN                                                              08/12/2021 16:02:03 PAGE 3   

 117   1        {
 118   2          TH0 = TH0_off_Reload;
 119   2          TL0 = TL0_off_Reload;
 120   2        }
 121   1        PWM_Start();
 122   1      }
 123          
 124          
 125          
 126          
 127          
 128          
 129          
 130          
 131          
 132          
 133          
 134          
 135          
 136          
 137          
 138          
 139          
 140          
 141          
 142          
 143          
 144          
 145          
 146          
 147          
 148          
 149          
 150          
 151          
 152          
 153          
 154          
 155          
 156          


MODULE INFORMATION:   STATIC OVERLAYABLE
   CODE SIZE        =    336    ----
   CONSTANT SIZE    =   ----    ----
   XDATA SIZE       =   ----    ----
   PDATA SIZE       =   ----    ----
   DATA SIZE        =     11    ----
   IDATA SIZE       =   ----    ----
   BIT SIZE         =   ----    ----
END OF MODULE INFORMATION.


C51 COMPILATION COMPLETE.  0 WARNING(S),  0 ERROR(S)
