C51 COMPILER V9.60.0.0   GIAO_TIEP_VOI_RELAY                                               05/16/2021 12:23:45 PAGE 1   


C51 COMPILER V9.60.0.0, COMPILATION OF MODULE GIAO_TIEP_VOI_RELAY
OBJECT MODULE PLACED IN .\Objects\Giao_Tiep_Voi_Relay.obj
COMPILER INVOKED BY: C:\Keil_v5\C51\BIN\C51.EXE Giao_Tiep_Voi_Relay.c OPTIMIZE(8,SPEED) BROWSE DEBUG OBJECTEXTEND PRINT(
                    -.\Listings\Giao_Tiep_Voi_Relay.lst) TABS(2) OBJECT(.\Objects\Giao_Tiep_Voi_Relay.obj)

line level    source

   1          #include "Giao_Tiep_Voi_Relay.h"
   2          
   3          void Delay(unsigned int t)
   4          {
   5   1        unsigned char i,j;
   6   1        for(i = 0; i < t; i++)
   7   1        {
   8   2          for(j = 0; j < 123; j++);
   9   2        }
  10   1      }
  11          
  12          void Giao_Tiep_Voi_Relay()
  13          {
  14   1        Relay = 0;
  15   1        while(1)
  16   1        {
  17   2          if(ON_OFF == 0)
  18   2          {
  19   3            Relay = !Relay;
  20   3            while(ON_OFF == 0);
  21   3          }
  22   2        }
  23   1      }


MODULE INFORMATION:   STATIC OVERLAYABLE
   CODE SIZE        =     40    ----
   CONSTANT SIZE    =   ----    ----
   XDATA SIZE       =   ----    ----
   PDATA SIZE       =   ----    ----
   DATA SIZE        =   ----    ----
   IDATA SIZE       =   ----    ----
   BIT SIZE         =   ----    ----
END OF MODULE INFORMATION.


C51 COMPILATION COMPLETE.  0 WARNING(S),  0 ERROR(S)
