C51 COMPILER V9.60.0.0   MA_TRAN_PHIM                                                      05/22/2021 15:30:15 PAGE 1   


C51 COMPILER V9.60.0.0, COMPILATION OF MODULE MA_TRAN_PHIM
OBJECT MODULE PLACED IN .\Objects\Ma_Tran_Phim.obj
COMPILER INVOKED BY: C:\Keil_v5\C51\BIN\C51.EXE Ma_Tran_Phim.c OPTIMIZE(8,SPEED) BROWSE DEBUG OBJECTEXTEND PRINT(.\Listi
                    -ngs\Ma_Tran_Phim.lst) TABS(2) OBJECT(.\Objects\Ma_Tran_Phim.obj)

line level    source

   1          #include "Ma_Tran_Phim.h"
   2          
   3          unsigned char code LED[] = {0xC0, 0xF9, 0xA4, 0xB0, 0x99, 0x92, 0x82, 0xF8, 0x80, 0x90};
   4          
   5          
   6          void Sleep_ms(unsigned int t)
   7          {
   8   1        unsigned int a,b;
   9   1        for(a = 0; a <t; a++)
  10   1        {
  11   2          for(b = 0; b < 123; b++); 
  12   2        }
  13   1      }
  14          
  15          unsigned char Key_Board()
  16          {
  17   1        unsigned char key = 0;
  18   1        
  19   1        // Kiem Tra Cot 1 
  20   1        Col1 = 0;
  21   1        if( Row1 == 0) key = 1;
  22   1        if( Row2 == 0) key = 2;
  23   1        if( Row3 == 0) key = 3;
  24   1        if( Row4 == 0) key = 4;
  25   1        Col1 = 1;
  26   1        
  27   1        // Kiem Tra Cot 2 
  28   1        Col2 = 0;
  29   1        if( Row1 == 0) key = 5;
  30   1        if( Row2 == 0) key = 6;
  31   1        if( Row3 == 0) key = 7;
  32   1        if( Row4 == 0) key = 8; 
  33   1        Col2 = 1;
  34   1          
  35   1        // Kiem Tra Cot 3
  36   1        Col3 = 0;
  37   1        if( Row1 == 0) key = 9;
  38   1        if( Row2 == 0) key = 10;
  39   1        if( Row3 == 0) key = 11;
  40   1        if( Row4 == 0) key = 12;
  41   1        Col3 = 1;
  42   1        
  43   1        // Kiem Tra Cot 4
  44   1        Col4 = 0;
  45   1        if( Row1 == 0) key = 13;
  46   1        if( Row2 == 0) key = 14;
  47   1        if( Row3 == 0) key = 15;
  48   1        if( Row4 == 0) key = 16;
  49   1        Col4 = 1;
  50   1        
  51   1        return key;
  52   1      }
  53          
  54          
C51 COMPILER V9.60.0.0   MA_TRAN_PHIM                                                      05/22/2021 15:30:15 PAGE 2   

  55          
  56          void Board()
  57          {
  58   1        unsigned char key,tmp;
  59   1        while(1)
  60   1        {
  61   2          key = Key_Board();
  62   2          if( key != 0)
  63   2          {
  64   3            tmp = key;
  65   3          }
  66   2          
  67   2          LED_PORT = LED[tmp/10];
  68   2          LED1 = 0;
  69   2          Sleep_ms(1);
  70   2          LED1 = 1;
  71   2            
  72   2          LED_PORT = LED[tmp%10];
  73   2          LED2 = 0;
  74   2          Sleep_ms(1);
  75   2          LED2 = 1;
  76   2        }
  77   1      }


MODULE INFORMATION:   STATIC OVERLAYABLE
   CODE SIZE        =    180    ----
   CONSTANT SIZE    =     10    ----
   XDATA SIZE       =   ----    ----
   PDATA SIZE       =   ----    ----
   DATA SIZE        =   ----    ----
   IDATA SIZE       =   ----    ----
   BIT SIZE         =   ----    ----
END OF MODULE INFORMATION.


C51 COMPILATION COMPLETE.  0 WARNING(S),  0 ERROR(S)
