C51 COMPILER V9.60.0.0   MAIN                                                              05/13/2021 10:41:44 PAGE 1   


C51 COMPILER V9.60.0.0, COMPILATION OF MODULE MAIN
OBJECT MODULE PLACED IN .\Objects\main.obj
COMPILER INVOKED BY: C:\Keil_v5\C51\BIN\C51.EXE main.c OPTIMIZE(8,SPEED) BROWSE DEBUG OBJECTEXTEND PRINT(.\Listings\main
                    -.lst) TABS(2) OBJECT(.\Objects\main.obj)

line level    source

   1          #include "..\Lib\Library.h"
   2          #include "..\Nut Nhan\Button.h"
   3          
   4          void main()
   5          {
   6   1        LED_RED = 0;
   7   1      
   8   1        while(1)
   9   1        {
  10   2          if(ON == 0)
  11   2          {
  12   3            LED_RED = 1;
  13   3          }
  14   2          if(OFF == 0)
  15   2          {
  16   3            LED_RED = 0;
  17   3          }
  18   2          
  19   2        }
  20   1      }


MODULE INFORMATION:   STATIC OVERLAYABLE
   CODE SIZE        =     14    ----
   CONSTANT SIZE    =   ----    ----
   XDATA SIZE       =   ----    ----
   PDATA SIZE       =   ----    ----
   DATA SIZE        =   ----    ----
   IDATA SIZE       =   ----    ----
   BIT SIZE         =   ----    ----
END OF MODULE INFORMATION.


C51 COMPILATION COMPLETE.  0 WARNING(S),  0 ERROR(S)
