C51 COMPILER V9.60.0.0   MAIN                                                              06/06/2021 16:31:00 PAGE 1   


C51 COMPILER V9.60.0.0, COMPILATION OF MODULE MAIN
OBJECT MODULE PLACED IN .\Objects\main.obj
COMPILER INVOKED BY: C:\Keil_v5\C51\BIN\C51.EXE main.c OPTIMIZE(8,SPEED) BROWSE DEBUG OBJECTEXTEND PRINT(.\Listings\main
                    -.lst) TABS(2) OBJECT(.\Objects\main.obj)

line level    source

   1          #include <regx52.h>
   2          
   3          sbit SH_CP = P2^0;
   4          sbit DS = P2^1;
   5          sbit ST_CP = P2^3;
   6          
   7          
   8          unsigned char code Cot[] = { 0x01, 0x02, 0x04, 0x08, 0x10, 0x20, 0x40, 0x80 };
   9          unsigned char code Data[] = { 
  10                                        0xFF, 0xFF, 0xFF, 0xFF, 0xFF, 0xFF, 0xFF, 0xFF,
  11                                        0xFF, 0xFF, 0xFF, 0xFF, 0xFF, 0xFF, 0xFF, 0xFF,
  12                                        0xFF, 0xFF, 0xFF, 0xFF, 0xFF, 0xFF, 0xFF, 0xFF,
  13                                        0xFF, 0xFF, 0xFF, 0xFF, 0xFF, 0xFF, 0xFF, 0xFF,
  14                                        0xFF, 0xFF, 0xFF, 0xFF, 0xFF, 0xFF, 0xFF, 0xFF,
  15                                        0xFF, 0xFF, 0xFF, 0xFF, 0xFF, 0xFF, 0xFF, 0xFF,
  16                                        0xFF, 0xFF, 0xFF, 0xFF, 0xFF, 0xFF, 0xFF, 0xFF,
  17                                        0xFF, 0xFF, 0xFF, 0xFF, 0xFF, 0xFF, 0xFF, 0xFF,
  18                                        0xFF, 0xFF, 0xFF, 0xFF, 0xFF, 0xFF, 0xFF, 0xFF,
  19                                        0xFF, 0x80, 0xF7, 0xF7, 0xF7, 0x80, 0xFF, 0xE0,
  20                                        0xD7, 0xB7, 0xB7, 0xD7, 0xE0, 0xFF, 0x80, 0xBB,
  21                                        0xBB, 0xB7, 0xCF, 0xFF, 0x80, 0xBB, 0xBB, 0xB7,
  22                                        0xCF, 0xFF, 0x9F, 0xEF, 0xF0, 0xEF, 0x9F, 0xFF,
  23                                        0xFF, 0xFF, 0x80, 0x9F, 0xEF, 0xF7, 0xFB, 0xFC,
  24                                        0x80, 0xFF, 0x80, 0xB6, 0xB6, 0xB6, 0xB6, 0xFF, 
  25                                        0x87, 0xFB, 0xFD, 0xFE, 0xF1, 0xFE, 0xFD, 0xFB,
  26                                        0x87, 0xFF, 0xFF, 0xFF, 0x9F, 0xEF, 0xF0, 0xEF,
  27                                        0x9F, 0xFF, 0x80, 0xB6, 0xB6, 0xB6, 0xB6, 0xFF,
  28                                        0xE0, 0xD7, 0xB7, 0xB7, 0xD7, 0xE0, 0xFF, 0x80,
  29                                        0xB7, 0xB7, 0xB3, 0xCD, 0xFE, 0xFF, 0xFF, 0xFF,
  30                                        0xFF, 0xFF, 0xFF, 0xFF, 0xFF, 0xFF, 0xFF, 0xFF,
  31                                        0xFF, 0xFF, 0xFF, 0xFF, 0xFF, 0xFF, 0xFF, 0xFF,
  32                                        0xFF, 0xFF, 0xFF, 0xFF, 0xFF, 0xFF, 0xFF, 0xFF,
  33                                        0xFF, 0xFF, 0xFF, 0xFF, 0xFF, 0xFF, 0xFF, 0xFF,
  34                                        0xFF, 0xFF, 0xFF, 0xFF, 0xFF, 0xFF, 0xFF, 0xFF,
  35                                        0xFF, 0xFF, 0xFF, 0xFF, 0xFF, 0xFF, 0xFF, 0xFF,
  36                                        0xFF, 0xFF, 0xFF, 0xFF, 0xFF, 0xFF, 0xFF, 0xFF,
  37                                        0xFF, 0xFF, 0xFF, 0xFF, 0xFF, 0xFF, 0xFF, 0xFF,
  38                                      };
  39          
  40                                      
  41          void Sleep_ms(unsigned int t)
  42          {
  43   1        unsigned int i,j;
  44   1        for(i = 0; i < t; i++)
  45   1        {
  46   2          for(j = 0; j < 123; j++);
  47   2        }
  48   1      }
  49          
  50          
  51          void SEND_DATA(unsigned char a)
  52          {
  53   1        unsigned char i;
  54   1        for(i = 0; i < 8; i++)
C51 COMPILER V9.60.0.0   MAIN                                                              06/06/2021 16:31:00 PAGE 2   

  55   1        {
  56   2          DS = a & (0x80 >> i);
  57   2          
  58   2          SH_CP = 0;
  59   2          SH_CP = 1;
  60   2        }
  61   1        ST_CP = 0;
  62   1        ST_CP = 1;
  63   1      }
  64          
  65          
  66          void HAPPY_NEW_YEAR()
  67          {
  68   1        while(1)
  69   1        {
  70   2          unsigned int i,j,k;
  71   2          for(i = 0; i < 160; i++)
  72   2          {
  73   3            for(k = 0; k < 3; k++)
  74   3            {
  75   4              for(j = 0; j < 8; j++)
  76   4              {
  77   5                SEND_DATA(Data[i+j+0]);
  78   5                SEND_DATA(Data[i+j+8]);
  79   5                SEND_DATA(Data[i+j+16]);
  80   5                SEND_DATA(Data[i+j+24]);
  81   5                SEND_DATA(Data[i+j+32]);
  82   5                SEND_DATA(Data[i+j+40]);
  83   5                SEND_DATA(Data[i+j+48]);
  84   5                SEND_DATA(Data[i+j+56]);
  85   5                
  86   5                
  87   5                P0 = Cot[j];
  88   5                Sleep_ms(1);
  89   5                P0 = 0x00;
  90   5              }
  91   4            }
  92   3          }
  93   2        }
  94   1      }
  95          
  96          
  97          void main()
  98          {
  99   1        HAPPY_NEW_YEAR();
 100   1      }
 101          
 102          
 103          
 104          
 105          
 106          
 107          
 108          
 109          
 110          
 111          
 112          
 113          
 114          
 115          
 116          
C51 COMPILER V9.60.0.0   MAIN                                                              06/06/2021 16:31:00 PAGE 3   

 117          
 118          
 119          
 120          
 121          
 122          
 123          
 124          
 125          
 126          
 127          
 128          
 129          
 130          
 131          


MODULE INFORMATION:   STATIC OVERLAYABLE
   CODE SIZE        =    359    ----
   CONSTANT SIZE    =    232    ----
   XDATA SIZE       =   ----    ----
   PDATA SIZE       =   ----    ----
   DATA SIZE        =   ----       6
   IDATA SIZE       =   ----    ----
   BIT SIZE         =   ----    ----
END OF MODULE INFORMATION.


C51 COMPILATION COMPLETE.  0 WARNING(S),  0 ERROR(S)
