C51 COMPILER V9.60.0.0   MAIN                                                              08/03/2021 13:26:46 PAGE 1   


C51 COMPILER V9.60.0.0, COMPILATION OF MODULE MAIN
OBJECT MODULE PLACED IN .\Objects\main.obj
COMPILER INVOKED BY: C:\Keil_v5\C51\BIN\C51.EXE main.c OPTIMIZE(8,SPEED) BROWSE DEBUG OBJECTEXTEND PRINT(.\Listings\main
                    -.lst) TABS(2) OBJECT(.\Objects\main.obj)

line level    source

   1          #include <regx52.h>
   2          
   3          unsigned char code Data[] = {0x40, 0x79, 0x24, 0x30, 0x19, 0x12, 0x02, 0x78, 0x00, 0x10};
   4          unsigned char code Cot[]  = {0x01, 0x02, 0x04, 0x8, 0x10};
   5          
   6          void Sleep_ms(unsigned int t)
   7          {
   8   1        unsigned int i , j;
   9   1        for(i = 0; i < t; i++)
  10   1        {
  11   2          for(j = 0; j < 123; j++);
  12   2        }
  13   1      }
  14          
  15          void Display(unsigned int _data)
  16          {
  17   1        unsigned char _chuc_nghin, _nghin, _tram, _chuc, _donvi;
  18   1        P2 = 0x00;
  19   1        _chuc_nghin = _data /10000;
  20   1        _nghin = (_data % 10000) / 1000;
  21   1        _tram = (_data % 1000) / 100;
  22   1        _chuc = (_data % 100) / 10;
  23   1        _donvi = _data % 10;
  24   1        
  25   1        P0 = Data[_chuc_nghin];
  26   1        P2 = Cot[0];
  27   1        Sleep_ms(1);
  28   1        P2 = 0x00;
  29   1        
  30   1        P0 = Data[_nghin];
  31   1        P2 = Cot[1];
  32   1        Sleep_ms(1);
  33   1        P2 = 0x00;
  34   1        
  35   1        P0 = Data[_tram];
  36   1        P2 = Cot[2];
  37   1        Sleep_ms(1);
  38   1        P2 = 0x00;
  39   1        
  40   1        P0 = Data[_chuc];
  41   1        P2 = Cot[3];
  42   1        Sleep_ms(1);
  43   1        P2 = 0x00;
  44   1        
  45   1        P0 = Data[_donvi];
  46   1        P2 = Cot[4];
  47   1        Sleep_ms(1);
  48   1        P2 = 0x00;
  49   1        
  50   1      }
  51          
  52          void main()
  53          {
  54   1        unsigned int _data;
C51 COMPILER V9.60.0.0   MAIN                                                              08/03/2021 13:26:46 PAGE 2   

  55   1        unsigned char _low, _high;
  56   1        // Cau hinh cho bo dem
  57   1        TMOD &= 0xF0;
  58   1        TMOD |= 0x05;
  59   1        // Nap gia tri ban dau 
  60   1        TL0 = 0x00;
  61   1        TH0 = 0x00;
  62   1        // Khoi dong bo dem 
  63   1        TR0 = 1;
  64   1        
  65   1        while(1)
  66   1        {
  67   2          do
  68   2          {
  69   3            _high = TH0;
  70   3            _low = TL0;
  71   3          }while(_high != TH0);
  72   2          _data = _high;
  73   2          _data <<= 8 ;
  74   2          _data |= _low;
  75   2          
  76   2          Display(_data);
  77   2        }
  78   1        
  79   1        
  80   1      }


MODULE INFORMATION:   STATIC OVERLAYABLE
   CODE SIZE        =    293    ----
   CONSTANT SIZE    =     15    ----
   XDATA SIZE       =   ----    ----
   PDATA SIZE       =   ----    ----
   DATA SIZE        =   ----       8
   IDATA SIZE       =   ----    ----
   BIT SIZE         =   ----    ----
END OF MODULE INFORMATION.


C51 COMPILATION COMPLETE.  0 WARNING(S),  0 ERROR(S)
