C51 COMPILER V9.60.0.0   MAIN                                                              06/04/2021 16:51:49 PAGE 1   


C51 COMPILER V9.60.0.0, COMPILATION OF MODULE MAIN
OBJECT MODULE PLACED IN .\Objects\main.obj
COMPILER INVOKED BY: C:\Keil_v5\C51\BIN\C51.EXE main.c OPTIMIZE(8,SPEED) BROWSE DEBUG OBJECTEXTEND PRINT(.\Listings\main
                    -.lst) TABS(2) OBJECT(.\Objects\main.obj)

line level    source

   1          #include <regx52.h>
   2          #define MATRIX P3
   3          
   4          unsigned char code cot[]= { 0x01, 0x02, 0x04, 0x08, 0x10, 0x20, 0x40, 0x80 };
   5                                    // {0x80, 0x40, 0x20, 0x10, 0x08, 0x04,0x02, 0x01};
   6          unsigned char code Data[] = {
   7                                        0xFF, 0xFF, 0xFF, 0xFF, 0xFF, 0xFF, 0xFF, 0xFF,
   8            
   9            
  10                                        //0xFF, 0xFF, 0xFC, 0x00, 0x80, 0xCC, 0xEF, 0xFF,
  11                                        0xFF, 0xEF, 0xCC, 0x80, 0x00, 0xFC, 0xFF, 0xFF,
  12            
  13                                        0xFF, 0xFF, 0xFF, 0xFF, 0xFF, 0xFF, 0xFF, 0xFF, 
  14                                      };
  15          
  16          
  17          
  18          
  19          
  20          
  21          
  22          void Sleep_ms(unsigned int t)
  23          {
  24   1        unsigned int i,j;
  25   1        for(i = 0; i < t; i++)
  26   1        {
  27   2          for(j = 0; j < 123; j++);
  28   2        }
  29   1      }
  30          
  31          
  32          void Move_ONE()
  33          {
  34   1        while(1)
  35   1        {
  36   2          unsigned int i,j,k;
  37   2          for(i = 0; i < 16; i++)
  38   2          {
  39   3            for(k = 0 ; k < 20; k++)
  40   3            {
  41   4              for(j = 0; j < 8; j++)
  42   4              {
  43   5                MATRIX = ~Data[i+j];
  44   5                P0 = cot[j];
  45   5                Sleep_ms(1);
  46   5                P0 = 0x00;
  47   5              }
  48   4            }
  49   3          }
  50   2        
  51   2        }
  52   1      }
  53          
  54            
C51 COMPILER V9.60.0.0   MAIN                                                              06/04/2021 16:51:49 PAGE 2   

  55          
  56          
  57          void main()
  58          {
  59   1        Move_ONE();
  60   1      }
  61            


MODULE INFORMATION:   STATIC OVERLAYABLE
   CODE SIZE        =    154    ----
   CONSTANT SIZE    =     32    ----
   XDATA SIZE       =   ----    ----
   PDATA SIZE       =   ----    ----
   DATA SIZE        =   ----       6
   IDATA SIZE       =   ----    ----
   BIT SIZE         =   ----    ----
END OF MODULE INFORMATION.


C51 COMPILATION COMPLETE.  0 WARNING(S),  0 ERROR(S)
