C51 COMPILER V9.60.0.0   MAIN                                                              06/09/2021 02:18:31 PAGE 1   


C51 COMPILER V9.60.0.0, COMPILATION OF MODULE MAIN
OBJECT MODULE PLACED IN .\Objects\main.obj
COMPILER INVOKED BY: C:\Keil_v5\C51\BIN\C51.EXE main.c OPTIMIZE(8,SPEED) BROWSE DEBUG OBJECTEXTEND PRINT(.\Listings\main
                    -.lst) TABS(2) OBJECT(.\Objects\main.obj)

line level    source

   1          #include <regx52.h>
   2          
   3          
   4          sbit SH_CP = P2^0;
   5          sbit DS = P2^1;
   6          sbit ST_CP = P2^3;
   7          
   8          
   9          
  10          unsigned char code Cot[] = {0x01, 0x02, 0x04, 0x08, 0x10, 0x20, 0x40, 0x80};
  11          
  12          unsigned char code DATA[] = {
  13                                        0xFF, 0xFF, 0xFF, 0xFF, 0xFF, 0xFF, 0xFF, 0xFF,     // Space 
  14                                        0xFF, 0xFF, 0xFF, 0xFF, 0xFF, 0xFF, 0xFF, 0xFF,     // Space 
  15                                        0xFF, 0xFF, 0xFF, 0xFF, 0xFF, 0xFF, 0xFF, 0xFF,     // Space 
  16                                        0xFF, 0xFF, 0xFF, 0xFF, 0xFF, 0xFF, 0xFF, 0xFF,     // Space 
  17                                        0xFF, 0xFF, 0xFF, 0xFF, 0xFF, 0xFF, 0xFF, 0xFF,     // Space 
  18                                        0xFF, 0xFF, 0xFF, 0xFF, 0xFF, 0xFF, 0xFF, 0xFF,     // Space 
  19                                        0x80, 0x80, 0xF7, 0xF7, 0x80, 0x80,                 // H    
  20                                        0xFF,
  21                                        0xC0, 0x80, 0xB7, 0xB7, 0x80, 0xC0,                 // A
  22                                        0xFF,
  23                                        0x80, 0x80, 0xBB, 0xBB, 0x83, 0xC7,                 // P
  24                                        0xFF,
  25                                        0x80, 0x80, 0xBB, 0xBB, 0x83, 0xC7,                 // P
  26                                        0xFF,
  27                                        0x8F, 0x87, 0xF0, 0xF0, 0x87, 0x8F,                 // Y
  28                                        0xFF, 0xFF, 0xFF,
  29                                        0x80, 0x80, 0xCF, 0xE7, 0xF3, 0x80, 0x80,           // N
  30                                        0xFF,
  31                                        0x80, 0x80, 0xB6, 0xB6, 0xBE, 0xBE,                 // E
  32                                        0xFF,
  33                                        0x80, 0x80, 0xF9, 0xF3, 0xF9, 0x80, 0x80,           // W
  34                                        0xFF, 0xFF, 0xFF,
  35                                        0x8F, 0x87, 0xF0, 0xF0, 0x87, 0x8F,                 // Y
  36                                        0xFF,
  37                                        0x80, 0x80, 0xB6, 0xB6, 0xBE, 0xBE,                 // E
  38                                        0xFF,
  39                                        0xC0, 0x80, 0xB7, 0xB7, 0x80, 0xC0,                 // A
  40                                        0xFF, 
  41                                        0x80, 0x80, 0xB3, 0xB1, 0x84, 0xCE,                 // R
  42                                        0xFF, 0xFF, 0xFF,
  43                                        0xDC, 0x98, 0xBA, 0xB6, 0x86, 0xCE,                 // 2
  44                                        0xFF,
  45                                        0xC1, 0x80, 0xAE, 0xB6, 0x80, 0xC1,                 // 0
  46                                        0xFF,
  47                                        0xDC, 0x98, 0xBA, 0xB6, 0x86, 0xCE,                 // 2
  48                                        0xFF,
  49                                        0xDC, 0x98, 0xBA, 0xB6, 0x86, 0xCE,                 // 2
  50                                        0xFF,
  51                                        0xFF, 0xFF, 0xFF, 0xFF, 0xFF, 0xFF, 0xFF, 0xFF,     // Space 
  52                                        0xFF, 0xFF, 0xFF, 0xFF, 0xFF, 0xFF, 0xFF, 0xFF,     // Space 
  53                                        0xFF, 0xFF, 0xFF, 0xFF, 0xFF, 0xFF, 0xFF, 0xFF,     // Space 
  54                                        0xFF, 0xFF, 0xFF, 0xFF, 0xFF, 0xFF, 0xFF, 0xFF,     // Space 
C51 COMPILER V9.60.0.0   MAIN                                                              06/09/2021 02:18:31 PAGE 2   

  55                                        0xFF, 0xFF, 0xFF, 0xFF, 0xFF, 0xFF, 0xFF, 0xFF,     // Space 
  56                                        0xFF, 0xFF, 0xFF, 0xFF, 0xFF, 0xFF, 0xFF, 0xFF,     // Space 
  57                                      };
  58          
  59          void Sleep_ms(unsigned int t)
  60          {
  61   1        unsigned int i,j;
  62   1        for(i = 0; i < t; i++)
  63   1        {
  64   2          for(j = 0; j < 123; j++);
  65   2        }
  66   1      } 
  67          
  68          void SEND_DATA(unsigned char a)
  69          {
  70   1        unsigned char i;
  71   1        for(i = 0; i < 8; i++)
  72   1        {
  73   2          DS = a & (0x80 >> i);
  74   2          
  75   2          SH_CP = 0;
  76   2          SH_CP = 1;
  77   2        }
  78   1        ST_CP = 0;
  79   1        ST_CP = 1;
  80   1      }
  81                      
  82          
  83          void LAST_LED_MATRIX()
  84          {
  85   1        P0 = 0x00;
  86   1        while(1)
  87   1        {
  88   2          unsigned int i,j,k;
  89   2          for(i = 0; i < 168; i++)
  90   2          {
  91   3            for(k = 0; k < 2; k++)
  92   3            {
  93   4              for(j = 0; j < 8; j++)
  94   4              {
  95   5                SEND_DATA(DATA[i+j+0]);
  96   5                SEND_DATA(DATA[i+j+8]);
  97   5                SEND_DATA(DATA[i+j+16]);
  98   5                SEND_DATA(DATA[i+j+24]);
  99   5                SEND_DATA(DATA[i+j+32]);
 100   5                SEND_DATA(DATA[i+j+40]);
 101   5                
 102   5                P0 = Cot[j];
 103   5                Sleep_ms(1);
 104   5                P0 = 0x00;
 105   5              }
 106   4            }
 107   3          }
 108   2        }
 109   1      }
 110          
 111          void main()
 112          {
 113   1        LAST_LED_MATRIX();
 114   1      }
 115                                      
 116                                      
C51 COMPILER V9.60.0.0   MAIN                                                              06/09/2021 02:18:31 PAGE 3   

 117                                      
 118                                      


MODULE INFORMATION:   STATIC OVERLAYABLE
   CODE SIZE        =    322    ----
   CONSTANT SIZE    =    224    ----
   XDATA SIZE       =   ----    ----
   PDATA SIZE       =   ----    ----
   DATA SIZE        =   ----       6
   IDATA SIZE       =   ----    ----
   BIT SIZE         =   ----    ----
END OF MODULE INFORMATION.


C51 COMPILATION COMPLETE.  0 WARNING(S),  0 ERROR(S)
