C51 COMPILER V9.60.0.0   MAIN                                                              06/22/2021 16:23:13 PAGE 1   


C51 COMPILER V9.60.0.0, COMPILATION OF MODULE MAIN
OBJECT MODULE PLACED IN .\Objects\main.obj
COMPILER INVOKED BY: C:\Keil_v5\C51\BIN\C51.EXE main.c OPTIMIZE(8,SPEED) BROWSE DEBUG OBJECTEXTEND PRINT(.\Listings\main
                    -.lst) TABS(2) OBJECT(.\Objects\main.obj)

line level    source

   1          #include <regx52.h>
   2          sbit SH_CP = P2^0;
   3          sbit DS = P2^1;
   4          sbit ST_CP = P2^3;
   5          
   6          void Send_Data(unsigned char a)
   7          {
   8   1        unsigned char i;
   9   1        for(i = 0; i < 8; i++)
  10   1        {
  11   2          DS = a & (0x80 >> i);
  12   2          SH_CP = 0;
  13   2          SH_CP = 1;
  14   2        }
  15   1        ST_CP = 0;
  16   1        ST_CP = 1;
  17   1      }
  18          void main()
  19          {
  20   1        while(1)
  21   1        {
  22   2          Send_Data(0x35);
  23   2        }
  24   1      }


MODULE INFORMATION:   STATIC OVERLAYABLE
   CODE SIZE        =     61    ----
   CONSTANT SIZE    =   ----    ----
   XDATA SIZE       =   ----    ----
   PDATA SIZE       =   ----    ----
   DATA SIZE        =   ----    ----
   IDATA SIZE       =   ----    ----
   BIT SIZE         =   ----    ----
END OF MODULE INFORMATION.


C51 COMPILATION COMPLETE.  0 WARNING(S),  0 ERROR(S)
