C51 COMPILER V9.60.0.0   MAIN                                                              08/20/2021 01:30:54 PAGE 1   


C51 COMPILER V9.60.0.0, COMPILATION OF MODULE MAIN
OBJECT MODULE PLACED IN .\Objects\main.obj
COMPILER INVOKED BY: C:\Keil_v5\C51\BIN\C51.EXE main.c OPTIMIZE(8,SPEED) BROWSE DEBUG OBJECTEXTEND PRINT(.\Listings\main
                    -.lst) TABS(2) OBJECT(.\Objects\main.obj)

line level    source

   1          #include <regx52.h>
   2          
   3          // Ham dung chuong trinh trong ?milisecond 
   4          void Sleep_ms(unsigned int t)
   5          {
   6   1        unsigned int i, j;
   7   1        for(i = 0; i < t; i++)
   8   1        {
   9   2          for(j = 0; j < 123; j++);
  10   2        }
  11   1      }
  12          
  13          // Dinh nghia cac bit data cho LCD
  14          #define Data P0
  15          sbit RS = P2^4;
  16          sbit E =  P2^5;
  17          //..............// HAM GIA TIEP VOI LCD //....................
  18          // Gui lenh ra cho LCD
  19          void Send_Cmp(unsigned char _struction)
  20          {
  21   1        RS = 0;
  22   1        Data = _struction;
  23   1        E = 0;
  24   1        E = 1;
  25   1        if(_struction <= 0x03)
  26   1        {
  27   2          Sleep_ms(2);
  28   2        }
  29   1        else 
  30   1          Sleep_ms(1);
  31   1      }
  32          
  33          // Gui du lieu ra cho LCD
  34          void Send_Data(unsigned char _data)
  35          {
  36   1        RS = 1;
  37   1        Data = _data;
  38   1        E = 0;
  39   1        E = 1;
  40   1        Sleep_ms(1);
  41   1      }
  42          
  43          // Gui chuoi du lieu ra LCD
  44          void Send_Data_Block(unsigned char *p)
  45          {
  46   1        unsigned char i = 0;
  47   1        while(p[i] != 0)
  48   1        {
  49   2          Send_Data(p[i]);
  50   2          i++;
  51   2        }
  52   1      }
  53          
  54          // Gui du lieu ra vi tri xac dinh trong LCD
C51 COMPILER V9.60.0.0   MAIN                                                              08/20/2021 01:30:54 PAGE 2   

  55          void Send_Data_Locate(unsigned char row, unsigned char col, unsigned char _data)
  56          {
  57   1        unsigned char locate;
  58   1        locate = ((row == 1)? 0x80:0xC0) + col - 1;
  59   1        Send_Cmp(locate);
  60   1        Send_Data(_data);
  61   1      } 
  62          
  63          // Gui chuoi du lieu ra vi tri xac dinh trong LCD 
  64          void Send_Data_Block_Locate(unsigned char row, unsigned char col, unsigned char *p)
  65          {
  66   1        unsigned char _locate;
  67   1        _locate = ((row == 1)? 0x80:0xC0) + col - 1;
  68   1        Send_Cmp(_locate);
  69   1        Send_Data_Block(p);
  70   1      }
  71          
  72          // Ham khoi tao LCD
  73          
  74          void LCD_Init()
  75          {
  76   1        Sleep_ms(100); // Cho khoang 100ms de cho dien ap rise to 4,5;
  77   1        Send_Cmp(0x30);
  78   1        Sleep_ms(5);
  79   1        Send_Cmp(0x30);
  80   1        Sleep_ms(1);
  81   1        Send_Cmp(0x30);
  82   1        
  83   1        Send_Cmp(0x00); // Xoa toan bo du lieu trong thanh ghi DDRAM
  84   1        Send_Cmp(0x0C); // Hien thi LCD, tat con tro
  85   1        Send_Cmp(0x38); // Chon che do 8bit 2 hang co chu 5x7
  86   1      }
  87          
  88          
  89          
  90          //............Dinh nghia cac bit cho ADC0804.......................//
  91          
  92          sbit ADC0804_CS = P2^0;
  93          sbit ADC0804_RD = P2^1;
  94          sbit ADC0804_WR = P2^2;
  95          sbit ADC0804_INTR = P2^3;
  96          
  97          unsigned char Read_ADC0804()
  98          {
  99   1        unsigned char _data;
 100   1        // chon che do chip
 101   1        ADC0804_CS = 0;
 102   1        // Tao xung chuyen doi
 103   1        ADC0804_WR = 0;
 104   1        ADC0804_WR = 1;
 105   1        // Doi chuyen doi xong 
 106   1        while(ADC0804_INTR);
 107   1        ADC0804_RD = 0;
 108   1        _data = P3;
 109   1        ADC0804_RD = 1;
 110   1        return _data;
 111   1      
 112   1      }
 113          
 114          
 115          
 116          void main()
C51 COMPILER V9.60.0.0   MAIN                                                              08/20/2021 01:30:54 PAGE 3   

 117          {
 118   1        unsigned int _data, _value;
 119   1        LCD_Init();
 120   1        Send_Data_Block_Locate(1,1,"Voltage = ");
 121   1        while(1)
 122   1        {
 123   2          _data = Read_ADC0804();
 124   2          _value = _data * (float)5*100/256;
 125   2          Send_Data_Locate(1,11,_value / 100 + 0x30);
 126   2          Send_Data('.');
 127   2          Send_Data((_value % 100) / 10 + 0x30);
 128   2          Send_Data(_value % 10 + 0x30);
 129   2        } 
 130   1      }


MODULE INFORMATION:   STATIC OVERLAYABLE
   CODE SIZE        =    358    ----
   CONSTANT SIZE    =     11    ----
   XDATA SIZE       =   ----    ----
   PDATA SIZE       =   ----    ----
   DATA SIZE        =   ----      11
   IDATA SIZE       =   ----    ----
   BIT SIZE         =   ----    ----
END OF MODULE INFORMATION.


C51 COMPILATION COMPLETE.  0 WARNING(S),  0 ERROR(S)
