C51 COMPILER V9.60.0.0   MAIN                                                              07/24/2021 00:38:53 PAGE 1   


C51 COMPILER V9.60.0.0, COMPILATION OF MODULE MAIN
OBJECT MODULE PLACED IN .\Objects\main.obj
COMPILER INVOKED BY: C:\Keil_v5\C51\BIN\C51.EXE main.c OPTIMIZE(8,SPEED) BROWSE DEBUG OBJECTEXTEND PRINT(.\Listings\main
                    -.lst) TABS(2) OBJECT(.\Objects\main.obj)

line level    source

   1          #include <regx52.h>
   2          void Sleep_ms(unsigned int t)
   3          {
   4   1        unsigned int i,j;
   5   1        for(i = 0; i < t; i++)
   6   1        {
   7   2          for(j = 0; j < 123; j++);
   8   2        }
   9   1      }
  10          sbit ON = P1^3;
  11          sbit OFF = P1^6;
  12          sbit LED = P1^1;
  13          void main()
  14          {
  15   1        SM0 = 0;
  16   1        SM1 = 0;
  17   1        REN = 1;
  18   1        P1_1 = 0;
  19   1        while(1)
  20   1        {
  21   2          if(ON == 0)
  22   2          {
  23   3            Sleep_ms(20);
  24   3            if(ON == 0)
  25   3            {
  26   4              P0 = 0x8F;
  27   4              P3_2 = 0;
  28   4              P3_2 = 1;
  29   4              RI = 0;
  30   4              while(RI == 0);
  31   4              P2 = SBUF;
  32   4            }
  33   3          }
  34   2          if(OFF == 0)
  35   2          {
  36   3            Sleep_ms(20);
  37   3            if(OFF == 0)
  38   3            {
  39   4              P0 = 0x0F;
  40   4              P3_2 = 0;
  41   4              P3_2 = 1;
  42   4              RI = 0;
  43   4              while(RI == 0);
  44   4              P2 = SBUF;
  45   4            }
  46   3          }
  47   2          if(P2_0 == 1)
  48   2          {
  49   3            LED = 1;
  50   3          }
  51   2          else
  52   2          {
  53   3            LED = 0;
  54   3          }
C51 COMPILER V9.60.0.0   MAIN                                                              07/24/2021 00:38:53 PAGE 2   

  55   2        }
  56   1      }


MODULE INFORMATION:   STATIC OVERLAYABLE
   CODE SIZE        =    107    ----
   CONSTANT SIZE    =   ----    ----
   XDATA SIZE       =   ----    ----
   PDATA SIZE       =   ----    ----
   DATA SIZE        =   ----    ----
   IDATA SIZE       =   ----    ----
   BIT SIZE         =   ----    ----
END OF MODULE INFORMATION.


C51 COMPILATION COMPLETE.  0 WARNING(S),  0 ERROR(S)
