C51 COMPILER V9.60.0.0   MAIN                                                              08/05/2021 23:41:28 PAGE 1   


C51 COMPILER V9.60.0.0, COMPILATION OF MODULE MAIN
OBJECT MODULE PLACED IN .\Objects\main.obj
COMPILER INVOKED BY: C:\Keil_v5\C51\BIN\C51.EXE main.c OPTIMIZE(8,SPEED) BROWSE DEBUG OBJECTEXTEND PRINT(.\Listings\main
                    -.lst) TABS(2) OBJECT(.\Objects\main.obj)

line level    source

   1          #include <regx52.h>
   2          
   3          void Sleep_ms_Timer2()
   4          {
   5   1        unsigned char i;
   6   1        for(i = 0; i < 20; i++)
   7   1        {
   8   2          TR2 = 1;
   9   2          while(TF2 == 0);
  10   2          TF2 = 0;
  11   2          TR2 = 0;
  12   2        }
  13   1      }
  14          
  15          
  16          void main()
  17          {
  18   1        
  19   1        T2MOD = 0x00;
  20   1        T2CON = 0x00;
  21   1        
  22   1        
  23   1        RCAP2H = 0x3C;
  24   1        RCAP2L = 0xB0;
  25   1        
  26   1        TH2 = 0x3C;
  27   1        TL2 = 0xB0;
  28   1        
  29   1        P2 = 0x00;
  30   1        while(1)
  31   1        {
  32   2          P2 = 0xFF;
  33   2          Sleep_ms_Timer2();
  34   2          P2 = 0x00;
  35   2          Sleep_ms_Timer2();
  36   2        }
  37   1      }


MODULE INFORMATION:   STATIC OVERLAYABLE
   CODE SIZE        =     58    ----
   CONSTANT SIZE    =   ----    ----
   XDATA SIZE       =   ----    ----
   PDATA SIZE       =   ----    ----
   DATA SIZE        =   ----    ----
   IDATA SIZE       =   ----    ----
   BIT SIZE         =   ----    ----
END OF MODULE INFORMATION.


C51 COMPILATION COMPLETE.  0 WARNING(S),  0 ERROR(S)
