C51 COMPILER V9.60.0.0   MAIN                                                              06/18/2021 14:34:24 PAGE 1   


C51 COMPILER V9.60.0.0, COMPILATION OF MODULE MAIN
OBJECT MODULE PLACED IN .\Objects\main.obj
COMPILER INVOKED BY: C:\Keil_v5\C51\BIN\C51.EXE main.c OPTIMIZE(8,SPEED) BROWSE DEBUG OBJECTEXTEND PRINT(.\Listings\main
                    -.lst) TABS(2) OBJECT(.\Objects\main.obj)

line level    source

   1          #include <regx52.h>
   2          
   3          #define DATA P3
   4          
   5          sbit RS = P2^0;
   6          sbit E  = P2^2;
   7          
   8          void Sleep_ms(unsigned int t)
   9          {
  10   1        unsigned int i,j;
  11   1        for(i = 0; i < t; i++)
  12   1        {
  13   2          for(j = 0; j < 123; j++);
  14   2        }
  15   1      }
  16          
  17          void Send_Lenh(unsigned char a)
  18          {
  19   1        RS = 0;
  20   1        DATA = a;
  21   1        E = 0;
  22   1        E = 1;
  23   1        if(a <= 0x02)
  24   1          Sleep_ms(2);
  25   1        else
  26   1          Sleep_ms(1);
  27   1      }
  28          
  29          
  30          void Send_Kitu_8bit(char a)
  31          {
  32   1        RS = 1l;
  33   1        DATA = a;
  34   1        E = 0;
  35   1        E = 1;
  36   1        Sleep_ms(1);
  37   1      }
  38          
  39          
  40          
  41          void Send_8bit(char *p)
  42          {
  43   1        unsigned char i = 0;
  44   1        while(p[i] != 0)
  45   1        {
  46   2          Send_Kitu_8bit(p[i]);
  47   2          i++;
  48   2        }
  49   1      }
  50          
  51          void Beginning()
  52          {
  53   1        Send_Lenh(0x30);
  54   1        Sleep_ms(5);
C51 COMPILER V9.60.0.0   MAIN                                                              06/18/2021 14:34:24 PAGE 2   

  55   1        Send_Lenh(0x30);
  56   1        Sleep_ms(1);
  57   1        Send_Lenh(0x30);
  58   1        
  59   1        Send_Lenh(0x38);
  60   1        
  61   1        Send_Lenh(0x01);
  62   1        Send_Lenh(0x0C);
  63   1      }
  64          
  65          
  66          void main()
  67          {
  68   1        Beginning();
  69   1        Send_8bit("Hello World");
  70   1        while(1)
  71   1        {
  72   2        }
  73   1        
  74   1      }


MODULE INFORMATION:   STATIC OVERLAYABLE
   CODE SIZE        =    168    ----
   CONSTANT SIZE    =     12    ----
   XDATA SIZE       =   ----    ----
   PDATA SIZE       =   ----    ----
   DATA SIZE        =   ----       4
   IDATA SIZE       =   ----    ----
   BIT SIZE         =   ----    ----
END OF MODULE INFORMATION.


C51 COMPILATION COMPLETE.  0 WARNING(S),  0 ERROR(S)
