C51 COMPILER V9.60.0.0   UART_VIRTUAL_COM                                                  07/30/2021 23:28:06 PAGE 1   


C51 COMPILER V9.60.0.0, COMPILATION OF MODULE UART_VIRTUAL_COM
OBJECT MODULE PLACED IN .\Objects\Uart_Virtual_Com.obj
COMPILER INVOKED BY: C:\Keil_v5\C51\BIN\C51.EXE Uart_Virtual_Com.c OMF2 OPTIMIZE(8,SPEED) BROWSE DEBUG PRINT(.\Listings\
                    -Uart_Virtual_Com.lst) TABS(2) OBJECT(.\Objects\Uart_Virtual_Com.obj)

line level    source

   1          #include "Uart_Virtual_Com.h"
   2          
   3          // Ham dung chuong trinh trong ? milisecond
   4          void Sleep_ms(unsigned int t)
   5          {
   6   1        unsigned int i ,j;
   7   1        for(i = 0; i < t; i++)
   8   1        {
   9   2          for(j = 0; j < 123; j++);
  10   2        }
  11   1      }
  12          
  13          // Ham cau hinh cho che do truyen 
  14          void Uart_Init()
  15          {
  16   1        // Chon time1 che do 2 8bit tu nap lai 
  17   1        TMOD &= 0x0F;
  18   1        TMOD |= 0x20;
  19   1        
  20   1        // Chon che do 1 truyen 8 bit toc do baud duoc cai boi timer1 
  21   1        SM0 = 0;
  22   1        SM1 = 1;
  23   1        
  24   1        // Chon che do nhan du lieu bang cac dat bit REN thuoc thanh ghi SCON len muc 1
  25   1        REN = 1;
  26   1        // Nap gia tri cho TH1 de cai dat toc do baud 9600
  27   1        TH1 = 0xFD;
  28   1        
  29   1        // Dat co TI = 1 de thong bao rang da san sang gui du lieu 
  30   1        TI = 1;
  31   1        
  32   1        // Khoi dong bo diem time1
  33   1        TR1 = 1;
  34   1      }
  35          
  36          // ham gui du lieu tu vi dieu khien ra cho thiet bi ngoai
  37          void Uart_Write(unsigned char _data)
  38          {
  39   1        while(TI == 0);
  40   1        TI = 0;
  41   1        SBUF = _data;
  42   1      }
  43          
  44          // ham gui chuoi du lieu ra cho vi dieu khien 
  45          void Uart_Write_Text(unsigned char *_data)
  46          {
  47   1        unsigned char i = 0;
  48   1        while(_data[i] != 0)
  49   1        {
  50   2          Uart_Write(_data[i]);
  51   2          i++;
  52   2        }
  53   1      }
  54          unsigned char Uart_Ready()
C51 COMPILER V9.60.0.0   UART_VIRTUAL_COM                                                  07/30/2021 23:28:06 PAGE 2   

  55          {
  56   1        return RI;
  57   1      }
  58          
  59          unsigned char Uart_Read()
  60          {
  61   1        RI = 0;
  62   1        return SBUF;
  63   1      }
  64          
  65          
  66          
  67          
  68          
  69          


MODULE INFORMATION:   STATIC OVERLAYABLE
   CODE SIZE        =    103    ----
   CONSTANT SIZE    =   ----    ----
   XDATA SIZE       =   ----    ----
   PDATA SIZE       =   ----    ----
   DATA SIZE        =   ----       3
   IDATA SIZE       =   ----    ----
   BIT SIZE         =   ----    ----
   EDATA SIZE       =   ----    ----
   HDATA SIZE       =   ----    ----
   XDATA CONST SIZE =   ----    ----
   FAR CONST SIZE   =   ----    ----
END OF MODULE INFORMATION.


C51 COMPILATION COMPLETE.  0 WARNING(S),  0 ERROR(S)
