C51 COMPILER V9.60.0.0   MAIN                                                              08/14/2021 15:59:53 PAGE 1   


C51 COMPILER V9.60.0.0, COMPILATION OF MODULE MAIN
OBJECT MODULE PLACED IN .\Objects\main.obj
COMPILER INVOKED BY: C:\Keil_v5\C51\BIN\C51.EXE main.c OPTIMIZE(8,SPEED) BROWSE DEBUG OBJECTEXTEND PRINT(.\Listings\main
                    -.lst) TABS(2) OBJECT(.\Objects\main.obj)

line level    source

   1          #include <regx52.h>
   2          
   3          #define Control P2
   4          
   5          void Sleep_ms(unsigned int t)
   6          {
   7   1        unsigned int i, j;
   8   1        for(i = 0; i < t; i++)
   9   1        {
  10   2          for(j = 0; j < 123; j++);
  11   2        }
  12   1      }
  13          
  14          void main()
  15          { 
  16   1        Control = 0;
  17   1        while(1)
  18   1        {
  19   2          while(Control != 255)
  20   2          {
  21   3            Control++;
  22   3            Sleep_ms(10);
  23   3          }
  24   2          while(Control != 0)
  25   2          {
  26   3            Control--;
  27   3            Sleep_ms(10);
  28   3          }
  29   2        } 
  30   1      }


MODULE INFORMATION:   STATIC OVERLAYABLE
   CODE SIZE        =     68    ----
   CONSTANT SIZE    =   ----    ----
   XDATA SIZE       =   ----    ----
   PDATA SIZE       =   ----    ----
   DATA SIZE        =   ----    ----
   IDATA SIZE       =   ----    ----
   BIT SIZE         =   ----    ----
END OF MODULE INFORMATION.


C51 COMPILATION COMPLETE.  0 WARNING(S),  0 ERROR(S)
