C51 COMPILER V9.60.0.0   MAIN                                                              06/05/2021 01:08:00 PAGE 1   


C51 COMPILER V9.60.0.0, COMPILATION OF MODULE MAIN
OBJECT MODULE PLACED IN .\Objects\main.obj
COMPILER INVOKED BY: C:\Keil_v5\C51\BIN\C51.EXE main.c OPTIMIZE(8,SPEED) BROWSE DEBUG OBJECTEXTEND PRINT(.\Listings\main
                    -.lst) TABS(2) OBJECT(.\Objects\main.obj)

line level    source

   1          #include <regx52.h>
   2          #define MATRIX P3
   3          
   4          unsigned char code Cot[] = {0x01, 0x02, 0x04, 0x08, 0x10, 0x20, 0x40, 0x80};
   5          unsigned char code Data[] = { 
   6                                       0xFF, 0xFF, 0xFF, 0xFF, 0xFF, 0xFF, 0xFF, 0xFF,  // Delay
   7                                       0xFF, 0xC3, 0x81, 0x7E, 0x7E, 0x81, 0xC3, 0xFF,  // So 0
   8                                       0xFF, 0xFF, 0xFF, 0xFF, 0xFF, 0xFF, 0xFF, 0xFF,  // Delay
   9                                       0xFF, 0xFF, 0xDE, 0xBE, 0x00, 0xFE, 0xFE, 0xFF,  // So 1 
  10                                       0xFF, 0xFF, 0xFF, 0xFF, 0xFF, 0xFF, 0xFF, 0xFF,  // Delay
  11                                       0xFF, 0x9E, 0x3C, 0x78, 0x72, 0x26, 0x8E, 0xFF,  // So 2
  12                                       0xFF, 0xFF, 0xFF, 0xFF, 0xFF, 0xFF, 0xFF, 0xFF,  // Delay
  13                                       0xFF, 0x24, 0x24, 0x24, 0x24, 0x00, 0x00, 0xFF,  // So 3
  14                                       0xFF, 0xFF, 0xFF, 0xFF, 0xFF, 0xFF, 0xFF, 0xFF,  // Delay
  15                                       0xF3, 0xE3, 0xC3, 0x93, 0x33, 0x00, 0x00, 0xFF,  // So 4 
  16                                       0xFF, 0xFF, 0xFF, 0xFF, 0xFF, 0xFF, 0xFF, 0xFF,  // Delay
  17                                       0xFF, 0x04, 0x04, 0x24, 0x24, 0x20, 0x20, 0xFF,  // So 5
  18                                       0xFF, 0xFF, 0xFF, 0xFF, 0xFF, 0xFF, 0xFF, 0xFF,  // Delay
  19                                       0xFF, 0x00, 0x00, 0x66, 0x66, 0x20, 0x20, 0xFF,  // So 6
  20                                       0xFF, 0xFF, 0xFF, 0xFF, 0xFF, 0xFF, 0xFF, 0xFF,  // Delay
  21                                       0xFF, 0x3F, 0x3C, 0x38, 0x31, 0x03, 0x07, 0xFF,  // So 7
  22                                       0xFF, 0xFF, 0xFF, 0xFF, 0xFF, 0xFF, 0xFF, 0xFF,  // Delay
  23                                       0xFF, 0x00, 0x00, 0x24, 0x24, 0x00, 0x00, 0xFF,  // So 8 
  24                                       0xFF, 0xFF, 0xFF, 0xFF, 0xFF, 0xFF, 0xFF, 0xFF,   // Delay
  25                                       0xFF, 0x04, 0x04, 0x24, 0x24, 0x00, 0x00, 0xFF,  // So 9 
  26                                       0xFF, 0xFF, 0xFF, 0xFF, 0xFF, 0xFF, 0xFF, 0xFF,  // Delay
  27                                      };  
  28          
  29          void Sleep_ms(unsigned int t)
  30          {
  31   1        unsigned int i,j;
  32   1        for(i = 0; i < t; i++)
  33   1        {
  34   2          for(j = 0; j < 123; j++);
  35   2        }
  36   1      }
  37          
  38          void MATRIX_0_9()
  39          {
  40   1        while(1)
  41   1        {
  42   2          unsigned int i,j,k;
  43   2          for(i = 0 ; i < 160; i++)
  44   2          {
  45   3            for(k = 0; k < 20; k++)
  46   3            {
  47   4              for(j = 0; j < 8; j++)
  48   4              {
  49   5                MATRIX = Data[i+j];
  50   5                P0 = Cot[j];
  51   5                Sleep_ms(1);
  52   5                P0 = 0x00;
  53   5              }
  54   4            }
C51 COMPILER V9.60.0.0   MAIN                                                              06/05/2021 01:08:00 PAGE 2   

  55   3          }
  56   2        }
  57   1      }
  58          
  59          void main()
  60          {
  61   1        MATRIX_0_9();
  62   1      }


MODULE INFORMATION:   STATIC OVERLAYABLE
   CODE SIZE        =    153    ----
   CONSTANT SIZE    =    176    ----
   XDATA SIZE       =   ----    ----
   PDATA SIZE       =   ----    ----
   DATA SIZE        =   ----       6
   IDATA SIZE       =   ----    ----
   BIT SIZE         =   ----    ----
END OF MODULE INFORMATION.


C51 COMPILATION COMPLETE.  0 WARNING(S),  0 ERROR(S)
