C51 COMPILER V9.60.0.0   MAIN                                                              08/10/2021 15:46:58 PAGE 1   


C51 COMPILER V9.60.0.0, COMPILATION OF MODULE MAIN
OBJECT MODULE PLACED IN .\Objects\main.obj
COMPILER INVOKED BY: C:\Keil_v5\C51\BIN\C51.EXE main.c OPTIMIZE(8,SPEED) BROWSE DEBUG OBJECTEXTEND PRINT(.\Listings\main
                    -.lst) TABS(2) OBJECT(.\Objects\main.obj)

line level    source

   1          #include <regx52.h>
   2          
   3          // Ham Sleep
   4          void Sleep_ms(unsigned int _t)
   5          {
   6   1        unsigned int i, j;
   7   1        for(i = 0; i < _t; i++)
   8   1        {
   9   2          for(j = 0; j < 123; j++);
  10   2        }
  11   1      }
  12          
  13          // Ham Gui 1 bit ra ngoai 
  14          void Send_Bit(bit _bit)
  15          {
  16   1        if(_bit)
  17   1        {
  18   2          TR2 = 1;
  19   2          Sleep_ms(1);
  20   2          TR2 = 0;
  21   2          Sleep_ms(3);
  22   2          P1_0 = 1;
  23   2        }
  24   1        
  25   1        else
  26   1        {
  27   2          TR2 = 1;
  28   2          Sleep_ms(3);
  29   2          TR2 = 0;
  30   2          Sleep_ms(1);
  31   2          P1_0 = 1;
  32   2        }
  33   1      }
  34          
  35          
  36          // Ham Gui 1 byte
  37          
  38          void Send_Byte(unsigned char _data)
  39          {
  40   1        unsigned char i; 
  41   1        for(i = 0; i < 8; i++)
  42   1        {
  43   2          Send_Bit(_data & 0x80);
  44   2          _data <<= 1;
  45   2        }
  46   1      }
  47          
  48          void main()
  49          {
  50   1        T2CON = 0x00;
  51   1        T2MOD = 0x02;
  52   1        
  53   1        RCAP2H = 0xFF;
  54   1        RCAP2L = 0xB2;
C51 COMPILER V9.60.0.0   MAIN                                                              08/10/2021 15:46:58 PAGE 2   

  55   1        
  56   1        TH2 = 0xFF;
  57   1        TL2 = 0xB2;
  58   1        
  59   1        // TR2  = 1;
  60   1        Send_Byte(0xF0);
  61   1        while(1)
  62   1        {
  63   2          
  64   2        }
  65   1      }


MODULE INFORMATION:   STATIC OVERLAYABLE
   CODE SIZE        =    126    ----
   CONSTANT SIZE    =   ----    ----
   XDATA SIZE       =   ----    ----
   PDATA SIZE       =   ----    ----
   DATA SIZE        =   ----       1
   IDATA SIZE       =   ----    ----
   BIT SIZE         =   ----       1
END OF MODULE INFORMATION.


C51 COMPILATION COMPLETE.  0 WARNING(S),  0 ERROR(S)
