C51 COMPILER V9.60.0.0   DEN_GIAO_THONG                                                    05/18/2021 09:12:00 PAGE 1   


C51 COMPILER V9.60.0.0, COMPILATION OF MODULE DEN_GIAO_THONG
OBJECT MODULE PLACED IN .\Objects\Den_Giao_Thong.obj
COMPILER INVOKED BY: C:\Keil_v5\C51\BIN\C51.EXE Den_Giao_Thong.c OPTIMIZE(8,SPEED) BROWSE DEBUG OBJECTEXTEND PRINT(.\Lis
                    -tings\Den_Giao_Thong.lst) TABS(2) OBJECT(.\Objects\Den_Giao_Thong.obj)

line level    source

   1          #include "Den_Giao_Thong.h"
   2          
   3          unsigned char code LED[] = {0xC0, 0xF9, 0xA4, 0xB0, 0x99, 0x92, 0x82, 0xF8, 0x80, 0x90};
   4          
   5          void Sleep_ms(unsigned int t)
   6          {
   7   1        unsigned int a,b;
   8   1        for(a = 0; a < t; a++)
   9   1        {
  10   2          for(b = 0; b < 123; b++);
  11   2        }
  12   1      }
  13          
  14          
  15          void Den_Giao_Thong()
  16          {
  17   1        signed int i,j;
  18   1        LED_RED = 1;
  19   1        LED_YELLOW = 0;
  20   1        LED_GREEN = 0;
  21   1        for(i = 1; i >= 0; i--)
  22   1        {
  23   2          LED1 = LED[i];
  24   2          if(i == 1)
  25   2          {
  26   3            for(j = 9; j >= 0; j--)
  27   3            {
  28   4            LED2 = LED[j];
  29   4            Sleep_ms(1000);
  30   4            }
  31   3          }
  32   2          else
  33   2          {
  34   3            for(j = 9; j >= 0; j--)
  35   3            {
  36   4              LED2 = LED[j];
  37   4              Sleep_ms(1000);
  38   4            }
  39   3          }
  40   2        }
  41   1        LED_RED = 0;
  42   1        LED_YELLOW = 1;
  43   1        LED_GREEN = 0;
  44   1        for(i = 1; i >= 0; i--)
  45   1        {
  46   2        LED1 = LED[i];
  47   2          if(i == 1)
  48   2          {
  49   3            for(j = 5; j >= 0; j--)
  50   3            {
  51   4              LED2 = LED[j];
  52   4              Sleep_ms(1000);
  53   4            }
  54   3          }
C51 COMPILER V9.60.0.0   DEN_GIAO_THONG                                                    05/18/2021 09:12:00 PAGE 2   

  55   2          else
  56   2          {
  57   3            for(j = 9; j >= 0; j--)
  58   3            { 
  59   4              LED2 = LED[j];
  60   4              Sleep_ms(1000);
  61   4            }
  62   3          }
  63   2        }
  64   1        LED_RED = 0;
  65   1        LED_YELLOW = 0;
  66   1        LED_GREEN = 1;
  67   1        for(i = 1; i >= 0; i--)
  68   1        { 
  69   2          LED1 = LED[i];
  70   2          if( i == 1)
  71   2          {
  72   3            for(j = 0; j >= 0; j--)
  73   3            {
  74   4              LED2 = LED[j];
  75   4              Sleep_ms(1000);
  76   4            }
  77   3            
  78   3          }
  79   2          else
  80   2          {
  81   3            for(j = 9; j>=0 ; j--)
  82   3            {
  83   4              LED2 = LED[j];
  84   4              Sleep_ms(1000);
  85   4            }
  86   3          }
  87   2        }
  88   1      }


MODULE INFORMATION:   STATIC OVERLAYABLE
   CODE SIZE        =    370    ----
   CONSTANT SIZE    =     10    ----
   XDATA SIZE       =   ----    ----
   PDATA SIZE       =   ----    ----
   DATA SIZE        =   ----       4
   IDATA SIZE       =   ----    ----
   BIT SIZE         =   ----    ----
END OF MODULE INFORMATION.


C51 COMPILATION COMPLETE.  0 WARNING(S),  0 ERROR(S)
