C51 COMPILER V9.60.0.0   MAIN                                                              07/31/2021 16:02:47 PAGE 1   


C51 COMPILER V9.60.0.0, COMPILATION OF MODULE MAIN
OBJECT MODULE PLACED IN .\Objects\main.obj
COMPILER INVOKED BY: C:\Keil_v5\C51\BIN\C51.EXE main.c OPTIMIZE(8,SPEED) BROWSE DEBUG OBJECTEXTEND PRINT(.\Listings\main
                    -.lst) TABS(2) OBJECT(.\Objects\main.obj)

line level    source

   1          #include <regx52.h>
   2          
   3          void Tao_Tre(unsigned int t)
   4          {
   5   1        do
   6   1        {
   7   2          // Nhap gia tri cho thanh ghi TL, TH de tao do tre 1ms
   8   2          // Gia tri nap = 65536 - (1000 / 1) = FC18H
   9   2          TL0 = 0x18;
  10   2          TH0 = 0xFC;
  11   2          
  12   2          // Khoi dong timer0
  13   2          TR0 = 1;
  14   2          
  15   2          // Kiem tra lien tuc co TF
  16   2          while(TF0 == 0);
  17   2          TR0 = 0;
  18   2          TF0 = 0;
  19   2          t--;
  20   2        }while(t != 0);
  21   1      }
  22          
  23          void main()
  24          {
  25   1        unsigned char i;
  26   1        // chon timer0 che do 1 16bit tao do tre va khoi dong bang phan mem bang bit TR0, TR1;
  27   1        TMOD &= 0xF0;
  28   1        TMOD |= 0x01;
  29   1        
  30   1        P0 = 0x00;
  31   1        while(1)
  32   1        {
  33   2          for(i = 0; i < 2; i++)
  34   2          {
  35   3            P0 = 0x01;
  36   3            Tao_Tre(200);
  37   3            P0 = 0x03;
  38   3            Tao_Tre(200);
  39   3            P0 = 0x07;
  40   3            Tao_Tre(200);
  41   3            P0 = 0x0F;
  42   3            Tao_Tre(200);
  43   3            P0 = 0x1F;
  44   3            Tao_Tre(200);
  45   3            P0 = 0x3F;
  46   3            Tao_Tre(200);
  47   3            P0 = 0x7F;
  48   3            Tao_Tre(200);
  49   3            P0 = 0xFF;
  50   3            Tao_Tre(200);
  51   3          }
  52   2          P0 = 0x00;
  53   2          Tao_Tre(200);
  54   2          for(i = 0; i <= 2; i++)
C51 COMPILER V9.60.0.0   MAIN                                                              07/31/2021 16:02:47 PAGE 2   

  55   2          {
  56   3            P0 = 0x0F;
  57   3            Tao_Tre(200);
  58   3            P0 = 0xF0;
  59   3            Tao_Tre(200);
  60   3          }
  61   2        }
  62   1      }


MODULE INFORMATION:   STATIC OVERLAYABLE
   CODE SIZE        =    134    ----
   CONSTANT SIZE    =   ----    ----
   XDATA SIZE       =   ----    ----
   PDATA SIZE       =   ----    ----
   DATA SIZE        =   ----    ----
   IDATA SIZE       =   ----    ----
   BIT SIZE         =   ----    ----
END OF MODULE INFORMATION.


C51 COMPILATION COMPLETE.  0 WARNING(S),  0 ERROR(S)
