C51 COMPILER V9.60.0.0   MAIN                                                              08/06/2021 02:15:27 PAGE 1   


C51 COMPILER V9.60.0.0, COMPILATION OF MODULE MAIN
OBJECT MODULE PLACED IN .\Objects\main.obj
COMPILER INVOKED BY: C:\Keil_v5\C51\BIN\C51.EXE main.c OMF2 OPTIMIZE(8,SPEED) BROWSE DEBUG PRINT(.\Listings\main.lst) TA
                    -BS(2) OBJECT(.\Objects\main.obj)

line level    source

   1          #include <regx52.h>
   2          
   3          // Dat ten cho LCD 
   4          
   5          sbit RS = P0^0;
   6          sbit E = P0^1;
   7          
   8          #define Data P2 
   9          
  10          // Ham dung chuong trinh trong ? milisecond
  11          void Sleep_ms(unsigned int t)
  12          {
  13   1        unsigned int i, j;
  14   1        for(i = 0; i < t; i++)
  15   1        {
  16   2          for(j = 0; j < 123; j++);
  17   2        }
  18   1      }
  19          
  20          // Gui lenh ra cho LCD
  21          void LCD_Cmp(unsigned char _instruct)
  22          {
  23   1        RS = 0;
  24   1        Data = _instruct;
  25   1        E = 1;
  26   1        E = 0;
  27   1        if(_instruct <= 0x03)
  28   1          Sleep_ms(2);
  29   1        else
  30   1          Sleep_ms(1);
  31   1      }
  32          
  33          void LCD_Text(unsigned char _data)
  34          {
  35   1        RS = 1;
  36   1        Data = _data;
  37   1        E = 1;
  38   1        E = 0;
  39   1        Sleep_ms(1);
  40   1      }
  41          
  42          
  43          void LCD_Text_Block(unsigned char *_data)
  44          {
  45   1        unsigned char i = 0;
  46   1        while(_data[i] != 0)
  47   1        {
  48   2          LCD_Text(_data[i]);
  49   2          i++;
  50   2        }
  51   1      }
  52          
  53          
  54          // Ham Khoi tao LCD
C51 COMPILER V9.60.0.0   MAIN                                                              08/06/2021 02:15:27 PAGE 2   

  55          void LCD_Init()
  56          {
  57   1        Sleep_ms(100); // De dien ap tang len 5v
  58   1        LCD_Cmp(0x30);
  59   1        Sleep_ms(5);
  60   1        LCD_Cmp(0x30);
  61   1        Sleep_ms(1);
  62   1        LCD_Cmp(0x30);
  63   1        LCD_Cmp(0x01);
  64   1        LCD_Cmp(0x0C);
  65   1        LCD_Cmp(0x38);
  66   1      }
  67          
  68          // Gui du lieu ra vi tri xac dinh 
  69          
  70          void LCD_Locate(unsigned char row, unsigned char col, unsigned char _data)
  71          {
  72   1        unsigned char _locate;
  73   1        _locate = ((row == 1)? 0x80:0xC0) + col - 1;
  74   1        LCD_Cmp(_locate);
  75   1        LCD_Text(_data);
  76   1      }
  77          
  78          // Gui chuoi du lieu ra vi tri xac dinh 
  79          
  80          void LCD_Locate_Block(unsigned char row, unsigned char col, unsigned char *_data)
  81          {
  82   1        unsigned char _locate;
  83   1        _locate = ((row == 1)? 0x80:0xC0) + col - 1;
  84   1        LCD_Cmp(_locate);
  85   1        LCD_Text_Block(_data);
  86   1      }
  87          
  88          
  89          void main()
  90          {
  91   1        
  92   1        LCD_Init();
  93   1        T2MOD = 0x00;
  94   1        T2CON = 0x08;
  95   1        
  96   1        
  97   1        RCAP2H = 0x3C;
  98   1        RCAP2L = 0xB0;
  99   1        
 100   1        ET2 = 1;
 101   1        EA = 1;
 102   1        
 103   1        
 104   1        while(1)
 105   1        {
 106   2        }
 107   1      }
 108          
 109          void Ngat_Timer2(void) interrupt 5
 110          {
 111   1        if(TF2)
 112   1        {
 113   2          TR2 = 0;
 114   2          LCD_Locate_Block(1, 1, "Information");
 115   2          LCD_Locate_Block(2, 1, "KHONG CO XUNG ");
 116   2          TF2 = 0;
C51 COMPILER V9.60.0.0   MAIN                                                              08/06/2021 02:15:27 PAGE 3   

 117   2        }
 118   1        else
 119   1        {
 120   2          TR2 = 1;
 121   2          LCD_Locate_Block(1, 1, "Information");
 122   2          LCD_Locate_Block(2, 1, "XUAT HIEN XUNG");
 123   2          EXF2 = 0;
 124   2        }
 125   1      }


MODULE INFORMATION:   STATIC OVERLAYABLE
   CODE SIZE        =    336    ----
   CONSTANT SIZE    =     42    ----
   XDATA SIZE       =   ----    ----
   PDATA SIZE       =   ----    ----
   DATA SIZE        =   ----       7
   IDATA SIZE       =   ----    ----
   BIT SIZE         =   ----    ----
   EDATA SIZE       =   ----    ----
   HDATA SIZE       =   ----    ----
   XDATA CONST SIZE =   ----    ----
   FAR CONST SIZE   =   ----    ----
END OF MODULE INFORMATION.


C51 COMPILATION COMPLETE.  0 WARNING(S),  0 ERROR(S)
