C51 COMPILER V9.60.0.0   UART_MODE_0                                                       07/19/2021 16:36:09 PAGE 1   


C51 COMPILER V9.60.0.0, COMPILATION OF MODULE UART_MODE_0
OBJECT MODULE PLACED IN .\Objects\UART_MODE_0.obj
COMPILER INVOKED BY: C:\Keil_v5\C51\BIN\C51.EXE UART_MODE_0.c OMF2 OPTIMIZE(8,SPEED) BROWSE DEBUG PRINT(.\Listings\UART_
                    -MODE_0.lst) TABS(2) OBJECT(.\Objects\UART_MODE_0.obj)

line level    source

   1          #include <UART_MODE_0.h>
   2          
   3          // Sleep_ms function
   4          void Sleep_ms(unsigned int t)
   5          {
   6   1        unsigned int i,j;
   7   1        for(i = 0; i < t; i++)
   8   1        {
   9   2          for(j = 0; j < 123; j++);
  10   2        }
  11   1      }
  12          
  13          // UART 
  14          
  15          void UART_MODE_0(unsigned char _data)
  16          {
  17   1        SM0 = 0;
  18   1        SM1 = 0;
  19   1        SBUF = _data;
  20   1        
  21   1        while(TI == 0);
  22   1        TI = 0;
  23   1        P3_2 = 0;
  24   1        P3_2 = 1;
  25   1      
  26   1      }
  27          
  28          void Effect()
  29          {
  30   1        unsigned char i, _data, j;
  31   1        _data = 0x00;
  32   1        for(i = 0; i < 2; i++)
  33   1        {
  34   2          UART_MODE_0(0xFF);
  35   2          Sleep_ms(300);
  36   2          UART_MODE_0(0x00);
  37   2          Sleep_ms(300);
  38   2        }
  39   1        for(i = 0; i < 2; i++)
  40   1        {
  41   2          UART_MODE_0(0x55);
  42   2          Sleep_ms(300);
  43   2          UART_MODE_0(0xAA);
  44   2          Sleep_ms(300);
  45   2        }
  46   1        for(j = 0; j < 2; j++)
  47   1        {
  48   2          _data = 0x00;
  49   2          UART_MODE_0(_data);
  50   2          Sleep_ms(100);
  51   2          for(i = 0; i < 8; i++)
  52   2          {
  53   3            _data <<= 1;
  54   3            _data |= 0x01;
C51 COMPILER V9.60.0.0   UART_MODE_0                                                       07/19/2021 16:36:09 PAGE 2   

  55   3            UART_MODE_0(_data);
  56   3            Sleep_ms(100);
  57   3          }
  58   2        }
  59   1      }


MODULE INFORMATION:   STATIC OVERLAYABLE
   CODE SIZE        =    186    ----
   CONSTANT SIZE    =   ----    ----
   XDATA SIZE       =   ----    ----
   PDATA SIZE       =   ----    ----
   DATA SIZE        =   ----       2
   IDATA SIZE       =   ----    ----
   BIT SIZE         =   ----    ----
   EDATA SIZE       =   ----    ----
   HDATA SIZE       =   ----    ----
   XDATA CONST SIZE =   ----    ----
   FAR CONST SIZE   =   ----    ----
END OF MODULE INFORMATION.


C51 COMPILATION COMPLETE.  0 WARNING(S),  0 ERROR(S)
