C51 COMPILER V9.60.0.0   IC_74595_DEM_100                                                  05/27/2021 15:57:27 PAGE 1   


C51 COMPILER V9.60.0.0, COMPILATION OF MODULE IC_74595_DEM_100
OBJECT MODULE PLACED IN .\Objects\IC_74595_DEM_100.obj
COMPILER INVOKED BY: C:\Keil_v5\C51\BIN\C51.EXE IC_74595_DEM_100.c OPTIMIZE(8,SPEED) BROWSE DEBUG OBJECTEXTEND PRINT(.\L
                    -istings\IC_74595_DEM_100.lst) TABS(2) OBJECT(.\Objects\IC_74595_DEM_100.obj)

line level    source

   1          #include "IC_74595_DEM_100.h"
   2          unsigned char code LED[] = {0xC0, 0xF9, 0xA4, 0xB0, 0x99, 0x92, 0x82, 0xF8, 0x80, 0x90};
   3          
   4          void Transmit(unsigned int *p,unsigned char size)
   5          {
   6   1        unsigned char b,i,j;
   7   1        
   8   1        for(i = 0; i < size; i++)
   9   1        {
  10   2          b = *(p+size-1-i);
  11   2          for(j = 0; j < 8; j++)
  12   2          {
  13   3            DS = b & (0x80 >> j);
  14   3            
  15   3            SH_CP = 0;
  16   3            SH_CP = 1;
  17   3          }
  18   2        }
  19   1        ST_CP = 0;
  20   1        ST_CP = 1;
  21   1      }
  22          
  23          void IC_74595_DEM_100()
  24          {
  25   1        unsigned char i;
  26   1        unsigned int arr[2];
  27   1        for(i = 0; i < 100; i++)
  28   1        {
  29   2          arr[0] = LED[i/10];
  30   2          arr[1] = LED[i%10];
  31   2          
  32   2          Transmit(arr,2);
  33   2          Sleep_ms(1000);
  34   2        }
  35   1      }
  36          
  37          
  38          #if (FREQ_OSC == 12000000)
  39          void Sleep_ms(unsigned int t)
  40          {
  41   1          unsigned int a,b;
  42   1          for(a = 0; a < t; a++)
  43   1          {
  44   2            for(b = 0; b < 123; b++);
  45   2          }
  46   1      }
  47          
  48          #elif (FREQ_OSC == 40000000)
              void Sleep_ms(unsigned int t)
              {
                  unsigned int a,b;
                  for(a = 0; a < t; a++)
                  {
                    for(b = 0; b < 165; b++);
C51 COMPILER V9.60.0.0   IC_74595_DEM_100                                                  05/27/2021 15:57:27 PAGE 2   

                  }
              }
              
              #elif (FREQ_OSC == 11059200)
              void Sleep_ms(unsigned int t)
              {
                  unsigned int a,b;
                  for(a = 0; a < t; a++)
                  {
                    for(b = 0; b < 95; b++);
                  }
              }
              #else
                #error "KHONG TON TAI HAM Sleep_ms NAO THOAN MAN ~ !!"
              
              #endif
  71          
  72            
  73          
  74          
  75          
  76            
  77            
  78            
  79            
  80            
  81            
  82            
  83            
  84            
  85            
  86            
  87            
  88            
  89            
  90            


MODULE INFORMATION:   STATIC OVERLAYABLE
   CODE SIZE        =    216    ----
   CONSTANT SIZE    =     10    ----
   XDATA SIZE       =   ----    ----
   PDATA SIZE       =   ----    ----
   DATA SIZE        =   ----      10
   IDATA SIZE       =   ----    ----
   BIT SIZE         =   ----    ----
END OF MODULE INFORMATION.


C51 COMPILATION COMPLETE.  0 WARNING(S),  0 ERROR(S)
