C51 COMPILER V9.60.0.0   LED_3_EFFECT                                                      05/16/2021 11:42:03 PAGE 1   


C51 COMPILER V9.60.0.0, COMPILATION OF MODULE LED_3_EFFECT
OBJECT MODULE PLACED IN .\Objects\Led_3_Effect.obj
COMPILER INVOKED BY: C:\Keil_v5\C51\BIN\C51.EXE Led_3_Effect.c OPTIMIZE(8,SPEED) BROWSE DEBUG OBJECTEXTEND PRINT(.\Listi
                    -ngs\Led_3_Effect.lst) TABS(2) OBJECT(.\Objects\Led_3_Effect.obj)

line level    source

   1          #include "Led_3_Effect.h"
   2          
   3          
   4          #if (FREQ_OST == 12000000)
   5              void Delay(unsigned int t)
   6              {
   7   1            unsigned int i,j;
   8   1            for(i = 0; i < t; i++)
   9   1              {
  10   2                for(j = 0; j < 123; j++);
  11   2              }
  12   1          }
  13              
  14          #elif (FREQ_OST == 40000000)
                  void Delay(unsigned int t)
                  {
                    unsigned int i,j;
                    for(i = 0; i < t; i++)
                    {
                      for(j = 0; j < 625; j++);
                    }
                  }
                  
              #elif (FREQ_OST == 11059200)
                  void Delay(unsigned int t)
                  {
                    unsigned int i,j;
                    for(i = 0; i < t; i++)
                    {
                        for(j = 0; j < 95; j++);
                    }
                  }
                  
              #else
                  #error " KHONG TOAN TAI HAM DELAY NAO THOA MAN FREQ_OST "
                  
                  
              #endif
  39              
  40          unsigned char Delay_Test()
  41          {
  42   1        unsigned char i;
  43   1          for(i = 0; i < 50 ; i++)
  44   1            {
  45   2              
  46   2              Delay(10);
  47   2              if(NEXT == 0)
  48   2                return 1;
  49   2            }
  50   1        return 0;
  51   1      }
  52              
  53              
  54          void Led_3_Effect()
C51 COMPILER V9.60.0.0   LED_3_EFFECT                                                      05/16/2021 11:42:03 PAGE 2   

  55          {
  56   1        unsigned char i,j,k;
  57   1        LED = 0x00;
  58   1        while(1)
  59   1        {
  60   2          if(START == 0)
  61   2          {
  62   3            while(1)
  63   3            { 
  64   4              while(NEXT == 0);
  65   4              LED = 0x00;
  66   4              for(i = 0; i < 5; i++)
  67   4              {
  68   5              if(Delay_Test()) break;
  69   5              LED = ~LED;
  70   5              }
  71   4              while(NEXT == 0);
  72   4              LED = 0x00;
  73   4              for(i = 0; i < 1; i++)
  74   4              {
  75   5                unsigned char flag = 0;
  76   5                for(j = 0; j < 8; j++)
  77   5                {
  78   6                  LED = LED << 1;
  79   6                  LED = LED | (1 << 0);
  80   6                  if(Delay_Test()) 
  81   6                    {
  82   7                    flag = 1;
  83   7                    break;
  84   7                    }
  85   6                }
  86   5                if(flag) break;
  87   5                for(k = 0; k < 8; k++)
  88   5                {
  89   6                  LED = LED << 1;
  90   6                  if(Delay_Test())
  91   6                  {
  92   7                    flag = 1;
  93   7                    break;
  94   7                  }
  95   6                }
  96   5                if(flag) break;
  97   5              }
  98   4              while(NEXT == 0);
  99   4              LED = 0x55;
 100   4              for(i = 0; i < 5; i++)
 101   4              {
 102   5                if(Delay_Test()) break;
 103   5                LED = ~LED;
 104   5              }
 105   4            }
 106   3          }
 107   2        }
 108   1      }
 109              


MODULE INFORMATION:   STATIC OVERLAYABLE
   CODE SIZE        =    245    ----
   CONSTANT SIZE    =   ----    ----
   XDATA SIZE       =   ----    ----
   PDATA SIZE       =   ----    ----
C51 COMPILER V9.60.0.0   LED_3_EFFECT                                                      05/16/2021 11:42:03 PAGE 3   

   DATA SIZE        =   ----       4
   IDATA SIZE       =   ----    ----
   BIT SIZE         =   ----    ----
END OF MODULE INFORMATION.


C51 COMPILATION COMPLETE.  0 WARNING(S),  0 ERROR(S)
