C51 COMPILER V9.60.0.0   MAIN                                                              08/04/2021 23:35:50 PAGE 1   


C51 COMPILER V9.60.0.0, COMPILATION OF MODULE MAIN
OBJECT MODULE PLACED IN .\Objects\main.obj
COMPILER INVOKED BY: C:\Keil_v5\C51\BIN\C51.EXE main.c OPTIMIZE(8,SPEED) BROWSE DEBUG OBJECTEXTEND PRINT(.\Listings\main
                    -.lst) TABS(2) OBJECT(.\Objects\main.obj)

line level    source

   1          #include <regx52.h>
   2          
   3          unsigned int _count = 10;
   4          void Sleep_ms(unsigned int t)
   5          {
   6   1        unsigned int i , j;
   7   1         for(i = 0; i < t; i++)
   8   1        {
   9   2          for(j = 0; j < 123; j++);
  10   2        }
  11   1      }
  12          
  13          void main()
  14          {
  15   1        
  16   1        // Cau hinh cho timer 0 che do 1 16bit 
  17   1        TMOD &= 0xF0;
  18   1        TMOD |= 0x01;
  19   1        
  20   1        // Nap gia tri cho TL0, TH0
  21   1        
  22   1        TH0 = 0x3C;
  23   1        TL0 = 0xB0;
  24   1        
  25   1        ET0 = 1;
  26   1        EA = 1;
  27   1        TR0 = 1;
  28   1        
  29   1        while(1)
  30   1        {
  31   2          P1 = ~P1;
  32   2        }
  33   1      }
  34          
  35          void Ngat_Timer0(void) interrupt 1
  36          {
  37   1        TR0 = 0;
  38   1        TH0 = 0x3C;
  39   1        TL0 = 0xB0;
  40   1        _count--;
  41   1        if(_count == 0)
  42   1        {
  43   2          _count = 10;
  44   2          P2 = ~P2;
  45   2        }
  46   1        TR0 = 1;
  47   1      }


MODULE INFORMATION:   STATIC OVERLAYABLE
   CODE SIZE        =     92    ----
   CONSTANT SIZE    =   ----    ----
   XDATA SIZE       =   ----    ----
   PDATA SIZE       =   ----    ----
C51 COMPILER V9.60.0.0   MAIN                                                              08/04/2021 23:35:50 PAGE 2   

   DATA SIZE        =      2    ----
   IDATA SIZE       =   ----    ----
   BIT SIZE         =   ----    ----
END OF MODULE INFORMATION.


C51 COMPILATION COMPLETE.  0 WARNING(S),  0 ERROR(S)
