C51 COMPILER V9.60.0.0   LED_MATRIX                                                        06/03/2021 11:54:05 PAGE 1   


C51 COMPILER V9.60.0.0, COMPILATION OF MODULE LED_MATRIX
OBJECT MODULE PLACED IN .\Objects\LED_MATRIX.obj
COMPILER INVOKED BY: C:\Keil_v5\C51\BIN\C51.EXE LED_MATRIX.c OPTIMIZE(8,SPEED) BROWSE DEBUG OBJECTEXTEND PRINT(.\Listing
                    -s\LED_MATRIX.lst) TABS(2) OBJECT(.\Objects\LED_MATRIX.obj)

line level    source

   1          #include "LED_MATRIX.h"
   2          
   3          unsigned char code ZERO[] = {0x0E, 0x11, 0x13, 0x15, 0x19, 0x11, 0x0E};
   4          unsigned char code ONE[] = {0x1F, 0x04, 0x04, 0x04, 0x14, 0x0C, 0x04};
   5          unsigned char code TWO[] = {0x1F, 0x18, 0x0C, 0x06, 0x03, 0x11, 0x0E};
   6          unsigned char code THREE[] = {0x0E, 0x11, 0x01, 0x07, 0x01, 0x11, 0x0E};
   7          unsigned char code FOUR[] = {0x02, 0x02, 0x1F, 0x12, 0x08, 0x04, 0x02};
   8          unsigned char code FIVE[] = {0x1F, 0x01, 0x01, 0x1F, 0x10, 0x10, 0x1F};
   9          unsigned char code SIX[] = {0x1F, 0x11, 0x11, 0x1F, 0x10, 0x10, 0x1F};
  10          unsigned char code SEVEN[] = {0x04, 0x04, 0x02, 0x01, 0x01, 0x11, 0x0E};
  11          unsigned char code EIGHT[] = {0x0E, 0x11, 0x11, 0x0E, 0x11, 0x11, 0x0E};
  12          unsigned char code NINE[] = {0x0E, 0x11, 0x01, 0x1F, 0x11, 0x11, 0x0E};
  13          
  14          
  15          void Sleep_ms(unsigned int t)
  16          {
  17   1        unsigned int i,j;
  18   1        for(i = 0; i < t; i++)
  19   1        {
  20   2          for(j = 0; j < 123; j++);
  21   2        }
  22   1      }
  23          
  24          void Show_Number(unsigned char arr[])
  25          {
  26   1        Matrix = arr[0];
  27   1        P3_0 = 1;
  28   1        Sleep_ms(1);
  29   1        P3_0 = 0;
  30   1        
  31   1        Matrix = arr[1];
  32   1        P3_1 = 1;
  33   1        Sleep_ms(1);
  34   1        P3_1 = 0;
  35   1        
  36   1        Matrix = arr[2];
  37   1        P3_2 = 1;
  38   1        Sleep_ms(1);
  39   1        P3_2 = 0;
  40   1        
  41   1        Matrix = arr[3];
  42   1        P3_3 = 1;
  43   1        Sleep_ms(1);
  44   1        P3_3 = 0;
  45   1        
  46   1        Matrix = arr[4];
  47   1        P3_4 = 1;
  48   1        Sleep_ms(1);
  49   1        P3_4 = 0;
  50   1        
  51   1        Matrix = arr[5];
  52   1        P3_5 = 1;
  53   1        Sleep_ms(1);
  54   1        P3_5 = 0;
C51 COMPILER V9.60.0.0   LED_MATRIX                                                        06/03/2021 11:54:05 PAGE 2   

  55   1        
  56   1        Matrix = arr[6];
  57   1        P3_6 = 1;
  58   1        Sleep_ms(1);
  59   1        P3_6 = 0;
  60   1      }
  61          
  62          
  63          void Led_Matrix()
  64          {
  65   1        while(1)
  66   1        {
  67   2          unsigned int i;
  68   2          for(i = 0; i < 142; i++)
  69   2          {
  70   3            Show_Number(ZERO);
  71   3          }
  72   2          for(i = 0; i < 142; i++)
  73   2          {
  74   3            Show_Number(ONE);
  75   3          }
  76   2          for(i = 0; i < 142; i++)
  77   2          {
  78   3            Show_Number(TWO);
  79   3          }
  80   2          for(i = 0; i < 142; i++)
  81   2          {
  82   3            Show_Number(THREE);
  83   3          }
  84   2          for(i = 0; i < 142; i++)
  85   2          {
  86   3            Show_Number(FOUR);
  87   3          }
  88   2          for(i = 0; i < 142; i++)
  89   2          {
  90   3            Show_Number(FIVE);
  91   3          }
  92   2          for(i = 0; i < 142; i++)
  93   2          {
  94   3            Show_Number(SIX);
  95   3          }
  96   2          for(i = 0; i < 142; i++)
  97   2          {
  98   3            Show_Number(SEVEN);
  99   3          }
 100   2          for(i = 0; i < 142; i++)
 101   2          {
 102   3            Show_Number(EIGHT);
 103   3          }
 104   2          for(i = 0; i < 142; i++)
 105   2          {
 106   3            Show_Number(NINE);
 107   3          }
 108   2        }
 109   1      }
 110          
 111          
 112          
 113          
 114          
 115          
 116          
C51 COMPILER V9.60.0.0   LED_MATRIX                                                        06/03/2021 11:54:05 PAGE 3   

 117          
 118          
 119          
 120          
 121          
 122          
 123          
 124          
 125          
 126          
 127          
 128          
 129          
 130          
 131          
 132          
 133          
 134          
 135          
 136          
 137          
 138          
 139          
 140          
 141          
 142          
 143          
 144          
 145          
 146          
 147          
 148          
 149          
 150          
 151          
 152          
 153          
 154          
 155          
 156          
 157          
 158          
 159          
 160          


MODULE INFORMATION:   STATIC OVERLAYABLE
   CODE SIZE        =    498    ----
   CONSTANT SIZE    =     70    ----
   XDATA SIZE       =   ----    ----
   PDATA SIZE       =   ----    ----
   DATA SIZE        =   ----       5
   IDATA SIZE       =   ----    ----
   BIT SIZE         =   ----    ----
END OF MODULE INFORMATION.


C51 COMPILATION COMPLETE.  0 WARNING(S),  0 ERROR(S)
