C51 COMPILER V9.60.0.0   MAIN                                                              06/29/2021 15:40:47 PAGE 1   


C51 COMPILER V9.60.0.0, COMPILATION OF MODULE MAIN
OBJECT MODULE PLACED IN .\Objects\main.obj
COMPILER INVOKED BY: C:\Keil_v5\C51\BIN\C51.EXE main.c OPTIMIZE(8,SPEED) BROWSE DEBUG OBJECTEXTEND PRINT(.\Listings\main
                    -.lst) TABS(2) OBJECT(.\Objects\main.obj)

line level    source

   1          #include <regx52.h>
   2          // khai bao chan su dung de quet ma cua hang;
   3          
   4          sbit SH_CP = P3^0;
   5          sbit DS = P3^1;
   6          sbit ST_CP = P3^3;
   7          
   8          unsigned char code Cot[]={0x01, 0x02, 0x04, 0x08, 0x10, 0x20, 0x40, 0x80};
   9          
  10          unsigned char code Led[] = {
  11                      0xff,0xff,0xff,0xff,0xff,0xff,0xff,0xff,
  12                      0xff,0xff,0xff,0xff,0xff,0xff,0xff,0xff,
  13                      0xff,0xff,0xff,0xff,0xff,0xff,0xff,0xff,
  14                      0xff,0xff,0xff,0xff,0xff,0xff,0xff,0xff,
  15                    
  16                      0xff,0x81,0xfe,0xfe,0xfe,0xfe,0x81,0xff,//u
  17                      0x8f,0x77,0x7b,0xbd,0x7b,0x77,0x8f,0xff,// trai tim   
  18                      0xff,0xbe,0xbe,0x80,0xbe,0xbe,0xff,0xff,//i
  19                                
  20                      0xff,0xff,0xff,0xff,0xff,0xff,0xff,0xff,
  21                      0xff,0xff,0xff,0xff,0xff,0xff,0xff,0xff,    
  22                      0xff,0xff,0xff,0xff,0xff,0xff,0xff,0xff,
  23                      0xff,0xff,0xff,0xff,0xff,0xff,0xff,0xff
  24                      };
  25          
  26          void Sleep_ms(unsigned int t)
  27          {
  28   1        unsigned int i,j;
  29   1        for(i = 0; i < t; i++)
  30   1        {
  31   2          for(j = 0; j < 123; j++);
  32   2        }
  33   1      }
  34          
  35          
  36          // dung de xuat 1 byte de dieu khien hang.
  37          
  38          void Send_Data(unsigned char a)
  39          {
  40   1        unsigned char i;
  41   1        for(i = 0; i < 8; i++)
  42   1        {
  43   2          DS = a & (0x80 >> i);
  44   2          SH_CP = 0;
  45   2          SH_CP = 1;
  46   2        }
  47   1        ST_CP = 0;
  48   1        ST_CP = 1;
  49   1      }
  50          
  51          
  52          //void dichma(unsigned char a){
  53          //  int i;
  54          //  for(i=0; i<8; i++){
C51 COMPILER V9.60.0.0   MAIN                                                              06/29/2021 15:40:47 PAGE 2   

  55          //    //b1: truyen du lieu vao chan ds;
  56          //    ds=a&(0x80>>i); // lay tung bit cua byte a gui qua chan ds,
  57          //            // lay bit cao nhat truoc.
  58          //    //b2: tao xung dich du lieu.
  59          //    shcp=0; shcp=1;
  60          //  } /*
  61          //    ket thuc vong for thì ta da dich duoc 8 bit cua byte a
  62          //    qua chan ds
  63          //  */
  64          //  //b3: tao xung xuat du lieu.
  65          //  stcp=0; stcp=1;
  66          //}
  67          
  68          /*
  69            quet led ma tran co 8x32
  70            su dung phuong phap quet led theo cot;
  71            8 hang 32 cot
  72          */
  73          
  74          void main()
  75          {
  76   1        P0 = 0x00;
  77   1        while(1)
  78   1        {
  79   2          unsigned int i, j, k;
  80   2          for(i = 0; i < 56; i++)
  81   2          {
  82   3            for(k = 0; k < 5; k++)
  83   3            {
  84   4              for(j = 0; j < 8; j++)
  85   4              {
  86   5                Send_Data(Led[i+j+0]);
  87   5                Send_Data(Led[i+j+8]);
  88   5                Send_Data(Led[i+j+16]);
  89   5                Send_Data(Led[i+j+24]);
  90   5                P0 = Cot[j];
  91   5                Sleep_ms(1);
  92   5                P0 = 0x00;
  93   5              }
  94   4            }
  95   3          }
  96   2        }
  97   1      }
  98          
  99          
 100          
 101          
 102          
 103          
 104          
 105          
 106          
 107          
 108          
 109          
 110          
 111          
 112          
 113          
 114          
 115          
 116          
C51 COMPILER V9.60.0.0   MAIN                                                              06/29/2021 15:40:47 PAGE 3   

 117          
 118          
 119          
 120          
 121          
 122          
 123          
 124          
 125          
 126          
 127          
 128          
 129          


MODULE INFORMATION:   STATIC OVERLAYABLE
   CODE SIZE        =    276    ----
   CONSTANT SIZE    =     96    ----
   XDATA SIZE       =   ----    ----
   PDATA SIZE       =   ----    ----
   DATA SIZE        =   ----       6
   IDATA SIZE       =   ----    ----
   BIT SIZE         =   ----    ----
END OF MODULE INFORMATION.


C51 COMPILATION COMPLETE.  0 WARNING(S),  0 ERROR(S)
