C51 COMPILER V9.60.0.0   WATCH                                                             06/06/2021 16:22:40 PAGE 1   


C51 COMPILER V9.60.0.0, COMPILATION OF MODULE WATCH
OBJECT MODULE PLACED IN .\Objects\WATCH.obj
COMPILER INVOKED BY: C:\Keil_v5\C51\BIN\C51.EXE WATCH.c OPTIMIZE(8,SPEED) BROWSE DEBUG OBJECTEXTEND PRINT(.\Listings\WAT
                    -CH.lst) TABS(2) OBJECT(.\Objects\WATCH.obj)

line level    source

   1          #include "WATCH.h"
   2          
   3          /// Khoi tao gia tri sang tu 0 - 9
   4          unsigned char code LED[] = {0xC0, 0xF9, 0xA4, 0xB0, 0x99, 0x92, 0x82, 0xF8, 0x80, 0x90};
   5          
   6          
   7          void Sleep_ms(unsigned int t)
   8          {
   9   1        unsigned int i,j;
  10   1        for(i = 0; i < t; i++)
  11   1        {
  12   2          for(j = 0; j < 123; j++);
  13   2        }
  14   1        
  15   1      }
  16          
  17          
  18          void WATCH()
  19          {
  20   1        if(Button == 0)
  21   1        {
  22   2          unsigned char Hour, Minute, Second;
  23   2          Hour = 0;
  24   2          Minute = 0;
  25   2          Second = 0;
  26   2          while(1)
  27   2          {
  28   3              unsigned int i;
  29   3              for(i = 0; i < 166; i++)
  30   3              {
  31   4              /// Hien Thi Giay
  32   4              LED_PORT = LED[Second%10];
  33   4              LED6 = 0;
  34   4              Sleep_ms(1);
  35   4              LED6 = 1;
  36   4              LED_PORT = LED[Second/10];
  37   4              LED5  = 0;
  38   4              Sleep_ms(1);
  39   4              LED5 = 1;
  40   4              
  41   4              
  42   4              // Hien Thi Phut 
  43   4              
  44   4              LED_PORT = LED[Minute%10];
  45   4              LED4 = 0;
  46   4              Sleep_ms(1);
  47   4              LED4 = 1;
  48   4              LED_PORT = LED[Minute/10];
  49   4              LED3  = 0;
  50   4              Sleep_ms(1);
  51   4              LED3 = 1;
  52   4              
  53   4              // Hien Thi Gio 
  54   4              
C51 COMPILER V9.60.0.0   WATCH                                                             06/06/2021 16:22:40 PAGE 2   

  55   4              LED_PORT = LED[Hour%10];
  56   4              LED2 = 0;
  57   4              Sleep_ms(1);
  58   4              LED2 = 1;
  59   4              LED_PORT = LED[Hour/10];
  60   4              LED1  = 0;
  61   4              Sleep_ms(1);
  62   4              LED1 = 1;
  63   4              } 
  64   3              
  65   3              
  66   3              Second++;
  67   3              if(Second == 60)
  68   3              {
  69   4                Second = 0;
  70   4                Minute++;
  71   4                if(Minute == 60)
  72   4                {
  73   5                  Minute = 0;
  74   5                  Hour++;
  75   5                  if(Hour == 24)
  76   5                  {
  77   6                    Hour  = 0;
  78   6                    Minute = 0;
  79   6                    Second = 0 ;
  80   6                  }
  81   5                }
  82   4              }
  83   3          }
  84   2        }
  85   1      }
  86          
  87          
  88          


MODULE INFORMATION:   STATIC OVERLAYABLE
   CODE SIZE        =    233    ----
   CONSTANT SIZE    =     10    ----
   XDATA SIZE       =   ----    ----
   PDATA SIZE       =   ----    ----
   DATA SIZE        =   ----       5
   IDATA SIZE       =   ----    ----
   BIT SIZE         =   ----    ----
END OF MODULE INFORMATION.


C51 COMPILATION COMPLETE.  0 WARNING(S),  0 ERROR(S)
