C51 COMPILER V9.60.0.0   LCD_LICHVANNIEN_INTERRUPT                                         07/05/2021 17:22:17 PAGE 1   


C51 COMPILER V9.60.0.0, COMPILATION OF MODULE LCD_LICHVANNIEN_INTERRUPT
OBJECT MODULE PLACED IN .\Objects\LCD_LichVanNien_Interrupt.obj
COMPILER INVOKED BY: C:\Keil_v5\C51\BIN\C51.EXE LCD_LichVanNien_Interrupt.c OPTIMIZE(8,SPEED) BROWSE DEBUG OBJECTEXTEND 
                    -PRINT(.\Listings\LCD_LichVanNien_Interrupt.lst) TABS(2) OBJECT(.\Objects\LCD_LichVanNien_Interrupt.obj)

line level    source

   1          #include <regx52.h>
   2          
   3          sbit RS = P0^0;
   4          sbit E = P0^1;
   5          #define _Data P2
   6          #define SECOND 0x00
   7          #define MINUTE 0x01
   8          #define HOUR   0x02
   9          #define DAY    0x03
  10          #define DATE   0x04
  11          #define MONTH  0x05
  12          #define YEAR   0x06
  13          sbit SDA = P1^0;
  14          sbit SCL = P1^1;
  15          
  16          // Sleep function 
  17          void Sleep_ms(unsigned int t)
  18          {
  19   1        unsigned int i,j;
  20   1        for(i = 0; i < t; i++)
  21   1        {
  22   2          for(j = 0; j < 123; j++);
  23   2        }
  24   1      }
  25          
  26          
  27          // ___________________LCD function__________________ //
  28          // CMD funciton 
  29          void Send_Cmd(unsigned char a)
  30          {
  31   1        RS = 0;
  32   1        _Data = a;
  33   1        E = 1; 
  34   1        E = 0;
  35   1        if(a <= 0x02)
  36   1        {
  37   2          Sleep_ms(2);
  38   2        }
  39   1        else
  40   1          Sleep_ms(1);
  41   1      }
  42          
  43          // Data function 
  44          void Send_Data(unsigned char a)
  45          {
  46   1        RS = 1;
  47   1        _Data = a;
  48   1        E = 1;
  49   1        E = 0;
  50   1        Sleep_ms(1);
  51   1      }
  52          
  53          // Send string data function 
  54          void Send_String(unsigned char *p)
C51 COMPILER V9.60.0.0   LCD_LICHVANNIEN_INTERRUPT                                         07/05/2021 17:22:17 PAGE 2   

  55          {
  56   1        unsigned char i = 0;
  57   1        while(p[i] != 0)
  58   1        {
  59   2          Send_Data(p[i]);
  60   2        }
  61   1      }
  62          
  63          // Send _data ra vi tri bat ki
  64          void Send_Data_Locate(unsigned char Row, unsigned char Col, unsigned char _data)
  65          {
  66   1        unsigned char _locate;
  67   1        _locate = (Row == 1 ? 0x80 : 0xC0) + Col - 1;
  68   1        Send_Cmd(_locate);
  69   1        Send_Data(_data);
  70   1      }
  71          
  72          // Send string _data ra vi tri bat ki 
  73          void Send_String_Locate(unsigned char Row, unsigned char Col, unsigned char *_data)
  74          {
  75   1        unsigned char _locate;
  76   1        _locate = (Row == 1 ? 0x80 : 0xC0 ) + Col - 1;
  77   1        Send_Cmd(_locate);
  78   1        Send_String(_data);
  79   1      }
  80          
  81          // LCD initialize
  82          void LCD_Initialize()
  83          {
  84   1        // Dung khoang 100 ms de dien ap rise toi 4,5V 
  85   1        Sleep_ms(100);
  86   1        Send_Cmd(0x30);
  87   1        Sleep_ms(5);
  88   1        Send_Cmd(0x30);
  89   1        Sleep_ms(1);
  90   1        Send_Cmd(0x30);
  91   1        // Chon hien thi man hinh 2 dong co chu 5*7
  92   1        Send_Cmd(0x38);
  93   1        // Xoa man hinh 
  94   1        Send_Cmd(0x01);
  95   1        // Bat hien thi va tat con tro 
  96   1        Send_Cmd(0x0C);
  97   1      }
  98          
  99          
 100          /// ______________________DS1307 Function__________________________///
 101          
 102          unsigned char *code Data[] = {"SUN", "MON", "TUE", "WED", "THU", "FRI", "SAT"}
 103          // Start function 
 104          void DS1307_Start()
*** ERROR C141 IN LINE 104 OF LCD_LichVanNien_Interrupt.c: syntax error near 'void', expected ';'
 105          {
*** ERROR C141 IN LINE 105 OF LCD_LichVanNien_Interrupt.c: syntax error near '{', expected ';'
 106            SCL = 0;
*** ERROR C231 IN LINE 106 OF LCD_LichVanNien_Interrupt.c: 'SCL': redefinition
*** ERROR C231 IN LINE 106 OF LCD_LichVanNien_Interrupt.c: 'SCL': redefinition
 107            SDA = 0;
*** ERROR C231 IN LINE 107 OF LCD_LichVanNien_Interrupt.c: 'SDA': redefinition
*** ERROR C231 IN LINE 107 OF LCD_LichVanNien_Interrupt.c: 'SDA': redefinition
 108            SDA = 1;
*** ERROR C279 IN LINE 108 OF LCD_LichVanNien_Interrupt.c: 'SDA': multiple initialization
*** ERROR C231 IN LINE 108 OF LCD_LichVanNien_Interrupt.c: 'SDA': redefinition
C51 COMPILER V9.60.0.0   LCD_LICHVANNIEN_INTERRUPT                                         07/05/2021 17:22:17 PAGE 3   

*** ERROR C231 IN LINE 108 OF LCD_LichVanNien_Interrupt.c: 'SDA': redefinition
 109            SCL = 1;
*** ERROR C279 IN LINE 109 OF LCD_LichVanNien_Interrupt.c: 'SCL': multiple initialization
*** ERROR C231 IN LINE 109 OF LCD_LichVanNien_Interrupt.c: 'SCL': redefinition
*** ERROR C231 IN LINE 109 OF LCD_LichVanNien_Interrupt.c: 'SCL': redefinition
 110          }
*** ERROR C141 IN LINE 110 OF LCD_LichVanNien_Interrupt.c: syntax error near '}', expected 'hdata'
 111          
 112          
 113          // Stop function 
 114          void DS1307_Stop()
 115          {
 116   1        SCL = 1;
 117   1        SDA = 1;
 118   1        SDA = 0;
 119   1      }
 120          
 121          // Write function
 122          void Write(unsigned char a)
 123          {
 124   1        unsigned char i = 0;
 125   1        for(i = 0; i < 8; i++)
 126   1        {
 127   2          SDA = a &( 0x80 >> i );
 128   2          SCL = 1;
 129   2          SCL = 0;
 130   2        }
 131   1        SCL = 1;
 132   1        SCl = 0;
*** ERROR C202 IN LINE 132 OF LCD_LichVanNien_Interrupt.c: 'SCl': undefined identifier
 133   1      }
 134          
 135          // Read function 
 136          unsigned char Read()
 137          {
 138   1        bit _rdata;
 139   1        unsigned char _data, i = 0;
 140   1        _data = 0x00;
 141   1        for(i = 0; i < 8; i++)
 142   1        {
 143   2          SCL = 1;
 144   2          _rdata = SDA; 
 145   2          _data <<= 1;
 146   2          _data |= _rdata;
 147   2          SCL = 0;
 148   2        }
 149   1        return _data;
 150   1      }
 151          
 152          // DS1307 Write function 
 153          void DS1307_Write(unsigned char _address, unsigned char _data)
 154          {
 155   1        unsigned char __data;
 156   1        __data = (_data / 10) * 16 + (_data % 10);
 157   1        DS1307_Start();
 158   1        Write(0xD0);
 159   1        Write(_address);
 160   1        Write(__data);
 161   1        DS1307_Stop();
 162   1      }
 163          
 164          // DS1307 READ function 
C51 COMPILER V9.60.0.0   LCD_LICHVANNIEN_INTERRUPT                                         07/05/2021 17:22:17 PAGE 4   

 165          unsigned char DS1307_READ(unsigned char _address)
 166          {
 167   1        unsigned char _data;
 168   1        DS1307_Start();
 169   1        Write(0xD0);
 170   1        Write(_address);
 171   1        DS1307_Start();
 172   1        Write(0xD1);
 173   1        _data = Read();
 174   1        DS1307_Stop();
 175   1        _data = (_data / 16) * 10 + (_data % 16);
 176   1        return _data;
 177   1      }
 178          
 179          // Main function 
 180          
 181          void LCD_LichVanNien_Interrupt()
 182          {
 183   1        unsigned char _second, _minute, _hour, _day, _date, _month, _year;
 184   1        DS1307_Write(0x07, 0x10);
 185   1        
 186   1        // Ngat theo canh xuong
 187   1        IT1 = 1;
 188   1        // Cho phep ngat ngoai 1 
 189   1        EX1 = 1;
 190   1        // Cho phep ngat 
 191   1        EA = 1;
 192   1        while(1)
 193   1        {
 194   2          _second = DS1307_Read(0x01);
 195   2          _minute = DS1307_Read(0x02);
 196   2          _hour   = DS1307_Read(0x03);
 197   2          _day    = DS1307_Read(0x04);
 198   2          _date   = DS1307_Read(0x05);
 199   2          _month  = DS1307_Read(0x06);
 200   2          _month  = DS1307_Read(0x07);
 201   2          // show clock time
 202   2          Send_Data_Locate(1, 3, (_hour / 10) + 0x30);
 203   2          Send_Data((_hour % 10) + 0x30);
 204   2          Send_Data(':');
 205   2          Send_Data((_minute / 10) + 0x30);
 206   2          Send_Data((_minute % 10) + 0x30);
 207   2          Send_Data(':');
 208   2          Send_Data((_second / 10) + 0x30);
 209   2          Send_Data((_second % 10) + 0x30);
 210   2          // show day date time
 211   2          
 212   2          Send_String_Locate(2,2,Data[_day - 1]);
 213   2          Send_Data(' ');
 214   2          Send_Data((_date / 10) + 0x30);
 215   2          Send_Data((_data % 10) + 0x30);
 216   2          Send_Data('/');
 217   2          Send_Data((_month / 10) + 0x30);
 218   2          Send_Data((_month % 10) + 0x30);
 219   2          Send_Data('/');
 220   2          Send_String("20");
 221   2          Send_Data((_year / 10) + 0x30);
 222   2          Send_Data((_year % 10) + 0x30);
 223   2          
 224   2          PCON |= 0x01;
 225   2        }
 226   1      }
C51 COMPILER V9.60.0.0   LCD_LICHVANNIEN_INTERRUPT                                         07/05/2021 17:22:17 PAGE 5   

 227          
 228          void EX1_ISR(void) interrupt 2
 229          {
 230   1      }
 231          
 232          void main()
 233          {
 234   1        LCD_LichVanNien_Interrupt();
 235   1      }
 236          
 237          
 238          
 239          
 240          
 241          
 242          
 243          
 244          
 245          
 246          
 247          
 248          
 249          
 250          
 251          
 252          
 253          
 254          
 255          
 256          
 257          
 258          
 259          
 260          
 261          
 262          
 263          
 264          
 265          

C51 COMPILATION COMPLETE.  0 WARNING(S),  14 ERROR(S)
