C51 COMPILER V9.60.0.0   DEN_CAU_THANG                                                     05/13/2021 21:14:12 PAGE 1   


C51 COMPILER V9.60.0.0, COMPILATION OF MODULE DEN_CAU_THANG
OBJECT MODULE PLACED IN .\Objects\Den_Cau_Thang.obj
COMPILER INVOKED BY: C:\Keil_v5\C51\BIN\C51.EXE Library\Den_Cau_Thang.c OPTIMIZE(8,SPEED) BROWSE DEBUG OBJECTEXTEND PRIN
                    -T(.\Listings\Den_Cau_Thang.lst) TABS(2) OBJECT(.\Objects\Den_Cau_Thang.obj)

line level    source

   1          #include "Den_Cau_Thang.h"
   2          
   3          void Den_Cau_Thang()
   4          {
   5   1        LED_RED = 0;
   6   1        while(1)
   7   1        {
   8   2          if(PORT_UP == 0)
   9   2          {
  10   3            LED_RED = !LED_RED;
  11   3            while(PORT_UP == 0);
  12   3          }
  13   2          if(PORT_DOWN == 0)
  14   2          {
  15   3            LED_RED = !LED_RED;
  16   3            while(PORT_DOWN == 0);
  17   3          }
  18   2        }
  19   1      }
  20          
  21          
  22          #if (FREQ_OSC == 12000000)
  23              void Delay(unsigned int t)
  24              {
  25   1            unsigned int i,j;
  26   1            for(i = 0; i < t; i++)
  27   1            {
  28   2                for(j = 0; j < 123; j++);
  29   2            }
  30   1          }
  31          #elif (FREQ_OSC == 40000000)
                  {
                    unsigned int i,j;
                    for(i = 0; i < t; i++)
                        {
                          for(j = 0; j < 525; j++);
                        }
                  }
              #else
                  #error "Khong Ton Tai Ham Delay nao Thoa Man"
                  
              #endif


MODULE INFORMATION:   STATIC OVERLAYABLE
   CODE SIZE        =     52    ----
   CONSTANT SIZE    =   ----    ----
   XDATA SIZE       =   ----    ----
   PDATA SIZE       =   ----    ----
   DATA SIZE        =   ----    ----
   IDATA SIZE       =   ----    ----
   BIT SIZE         =   ----    ----
END OF MODULE INFORMATION.


C51 COMPILATION COMPLETE.  0 WARNING(S),  0 ERROR(S)
