C51 COMPILER V9.60.0.0   74_573_VER2                                                       06/06/2021 13:43:52 PAGE 1   


C51 COMPILER V9.60.0.0, COMPILATION OF MODULE 74_573_VER2
OBJECT MODULE PLACED IN .\Objects\74_573_VER2.obj
COMPILER INVOKED BY: C:\Keil_v5\C51\BIN\C51.EXE 74_573_VER2.c OPTIMIZE(8,SPEED) BROWSE DEBUG OBJECTEXTEND PRINT(.\Listin
                    -gs\74_573_VER2.lst) TABS(2) OBJECT(.\Objects\74_573_VER2.obj)

line level    source

   1          #include "74_573_VER2.h"
   2          
   3          unsigned char code LED[] = {0xC0, 0xF9, 0xA4, 0xB0, 0x99, 0x92, 0x82, 0xF8, 0x80, 0x90};
   4          
   5          void Sleep_ms(unsigned int t)
   6          {
   7   1        unsigned int i,j;
   8   1        for(i = 0; i < t; i++)
   9   1        {
  10   2          for(j = 0; j < 123; j++);
  11   2        }
  12   1      }
  13          
  14          
  15          void IC_74_573_VER2()
  16          {
  17   1        while(1)
  18   1        {
  19   2          unsigned int i;
  20   2          for(i = 0; i < 100; i++)
  21   2          {
  22   3            
  23   3            // Hang Don Vi
  24   3            LED_SEGMENT = LED[i/10];
  25   3            LED1 = 1;
  26   3            LED1 = 0;
  27   3            
  28   3            //Hang Chuc
  29   3            LED_SEGMENT = LED[i%10];
  30   3            
  31   3            LED2 = 1;
  32   3            LED2 = 0;
  33   3            Sleep_ms(1000);
  34   3            
  35   3          }
  36   2        }
  37   1      }


MODULE INFORMATION:   STATIC OVERLAYABLE
   CODE SIZE        =    121    ----
   CONSTANT SIZE    =     10    ----
   XDATA SIZE       =   ----    ----
   PDATA SIZE       =   ----    ----
   DATA SIZE        =   ----       2
   IDATA SIZE       =   ----    ----
   BIT SIZE         =   ----    ----
END OF MODULE INFORMATION.


C51 COMPILATION COMPLETE.  0 WARNING(S),  0 ERROR(S)
