C51 COMPILER V9.60.0.0   MAIN                                                              07/12/2021 01:33:36 PAGE 1   


C51 COMPILER V9.60.0.0, COMPILATION OF MODULE MAIN
OBJECT MODULE PLACED IN .\Objects\main.obj
COMPILER INVOKED BY: C:\Keil_v5\C51\BIN\C51.EXE main.c OPTIMIZE(8,SPEED) BROWSE DEBUG OBJECTEXTEND PRINT(.\Listings\main
                    -.lst) TABS(2) OBJECT(.\Objects\main.obj)

line level    source

   1          #include <regx52.h>
   2          
   3          unsigned char code Cot[]= { 0x01, 0x02, 0x04, 0x08, 0x10, 0x20, 0x40, 0x80 };
   4          
   5          unsigned char code Data[] = {
   6                                        0xFF, 0xFF, 0xFF, 0xFF, 0xFF, 0xFF, 0xFF, 0xFF,     // Space 
   7                                        0xFF, 0xFF, 0xFF, 0xFF, 0xFF, 0xFF, 0xFF, 0xFF,     // Space 
   8                                        0xFF, 0xFF, 0xFF, 0xFF, 0xFF, 0xFF, 0xFF, 0xFF,     // Space 
   9                                        0xFF, 0xFF, 0xFF, 0xFF, 0xFF, 0xFF, 0xFF, 0xFF,     // Space 
  10                                        0xFF, 0xFF, 0xFF, 0xFF, 0xFF, 0xFF, 0xFF, 0xFF,     // Space 
  11                                        0xFF, 0xFF, 0xFF, 0xFF, 0xFF, 0xFF, 0xFF, 0xFF,     // Space 
  12                                        0x80, 0x80, 0xF7, 0xF7, 0x80, 0x80,                 // H    
  13                                        0xFF,
  14                                        0xC0, 0x80, 0xB7, 0xB7, 0x80, 0xC0,                 // A
  15                                        0xFF,
  16                                        0x80, 0x80, 0xBB, 0xBB, 0x83, 0xC7,                 // P
  17                                        0xFF,
  18                                        0x80, 0x80, 0xBB, 0xBB, 0x83, 0xC7,                 // P
  19                                        0xFF,
  20                                        0x8F, 0x87, 0xF0, 0xF0, 0x87, 0x8F,                 // Y
  21                                        0xFF, 0xFF, 0xFF,
  22                                        0x80, 0x80, 0xCF, 0xE7, 0xF3, 0x80, 0x80,           // N
  23                                        0xFF,
  24                                        0x80, 0x80, 0xB6, 0xB6, 0xBE, 0xBE,                 // E
  25                                        0xFF,
  26                                        0x80, 0x80, 0xF9, 0xF3, 0xF9, 0x80, 0x80,           // W
  27                                        0xFF, 0xFF, 0xFF,
  28                                        0x8F, 0x87, 0xF0, 0xF0, 0x87, 0x8F,                 // Y
  29                                        0xFF,
  30                                        0x80, 0x80, 0xB6, 0xB6, 0xBE, 0xBE,                 // E
  31                                        0xFF,
  32                                        0xC0, 0x80, 0xB7, 0xB7, 0x80, 0xC0,                 // A
  33                                        0xFF, 
  34                                        0x80, 0x80, 0xB3, 0xB1, 0x84, 0xCE,                 // R
  35                                        0xFF, 0xFF, 0xFF,
  36                                        0xDC, 0x98, 0xBA, 0xB6, 0x86, 0xCE,                 // 2
  37                                        0xFF,
  38                                        0xC1, 0x80, 0xAE, 0xB6, 0x80, 0xC1,                 // 0
  39                                        0xFF,
  40                                        0xDC, 0x98, 0xBA, 0xB6, 0x86, 0xCE,                 // 2
  41                                        0xFF,
  42                                        0xDC, 0x98, 0xBA, 0xB6, 0x86, 0xCE,                 // 2
  43                                        0xFF,
  44                                        0xFF, 0xFF, 0xFF, 0xFF, 0xFF, 0xFF, 0xFF, 0xFF,     // Space 
  45                                        0xFF, 0xFF, 0xFF, 0xFF, 0xFF, 0xFF, 0xFF, 0xFF,     // Space 
  46                                        0xFF, 0xFF, 0xFF, 0xFF, 0xFF, 0xFF, 0xFF, 0xFF,     // Space 
  47                                        0xFF, 0xFF, 0xFF, 0xFF, 0xFF, 0xFF, 0xFF, 0xFF,     // Space 
  48                                        0xFF, 0xFF, 0xFF, 0xFF, 0xFF, 0xFF, 0xFF, 0xFF,     // Space 
  49                                        0xFF, 0xFF, 0xFF, 0xFF, 0xFF, 0xFF, 0xFF, 0xFF,     // Space 
  50                                      };
  51          sbit SH_CP = P2^0;
  52          sbit DS = P2^1;
  53          sbit ST_CP = P2^3;
  54                                      
C51 COMPILER V9.60.0.0   MAIN                                                              07/12/2021 01:33:36 PAGE 2   

  55          #define Port P0           
  56                                      
  57          void Sleep_ms(unsigned int t)
  58          {
  59   1        unsigned char i, j;
  60   1        for(i = 0; i < t; i++)
  61   1        {
  62   2          for(j = 0; j < 123; j++);
  63   2        }
  64   1      }
  65          
  66          
  67          void Send_Data(unsigned char _data)
  68          {
  69   1        unsigned char i;
  70   1        for(i = 0;i < 8; i++)
  71   1        {
  72   2          DS = _data & (0x80 >> i);
  73   2          SH_CP = 0;
  74   2          SH_CP = 1;
  75   2        }
  76   1        ST_CP = 0;
  77   1        ST_CP = 1;
  78   1      }
  79          
  80          
  81          void main()
  82          {
  83   1        unsigned char i, j, k;
  84   1        while(1)
  85   1        {
  86   2          for(i = 0; i < 200; i++)
  87   2          {
  88   3            for(k = 0; k < 5; k++)
  89   3            {
  90   4              for(j = 0; j < 8; j++)
  91   4              {
  92   5                Send_Data(Data[i+j]);
  93   5                Send_Data(Data[i+j+8]);
  94   5                Port = Cot[j];
  95   5                Sleep_ms(1);
  96   5                Port = 0x00;
  97   5              }
  98   4            }
  99   3          }
 100   2        }
 101   1      }
 102          
 103          
 104          
 105          
 106          
 107          
 108          
 109          
 110          
 111          
 112          
 113          
 114          
 115          
 116          
C51 COMPILER V9.60.0.0   MAIN                                                              07/12/2021 01:33:36 PAGE 3   

 117          
 118          
 119          
 120          
 121          
 122          
 123          
 124          
 125          
 126          
 127          
 128          
 129          
 130          
 131          
 132          
 133          
 134          
 135          
 136          
 137          
 138          
 139          
 140          
 141          


MODULE INFORMATION:   STATIC OVERLAYABLE
   CODE SIZE        =    167    ----
   CONSTANT SIZE    =    224    ----
   XDATA SIZE       =   ----    ----
   PDATA SIZE       =   ----    ----
   DATA SIZE        =   ----       1
   IDATA SIZE       =   ----    ----
   BIT SIZE         =   ----    ----
END OF MODULE INFORMATION.


C51 COMPILATION COMPLETE.  0 WARNING(S),  0 ERROR(S)
