C51 COMPILER V9.60.0.0   IC_7447                                                           07/19/2021 22:43:10 PAGE 1   


C51 COMPILER V9.60.0.0, COMPILATION OF MODULE IC_7447
OBJECT MODULE PLACED IN .\Objects\IC_7447.obj
COMPILER INVOKED BY: C:\Keil_v5\C51\BIN\C51.EXE IC_7447.c OPTIMIZE(8,SPEED) BROWSE DEBUG OBJECTEXTEND PRINT(.\Listings\I
                    -C_7447.lst) TABS(2) OBJECT(.\Objects\IC_7447.obj)

line level    source

   1          #include "IC_7447.h"
   2          
   3          
   4          void Sleep_ms(unsigned int t)
   5          {
   6   1        unsigned int i,j;
   7   1        for(i = 0; i < t; i++)
   8   1        {
   9   2          for(j = 0; j < 123; j++);
  10   2        }
  11   1      }
  12          
  13          
  14          void IC_7447()
  15          {
  16   1        if(Button == 0)
  17   1        {
  18   2          unsigned int dem = 0;
  19   2          while(1)
  20   2          {
  21   3            unsigned char tram,chuc,don_vi;
  22   3            tram = dem / 100;
  23   3            chuc = (dem % 100) / 10;
  24   3            don_vi = (dem % 100) % 10;
  25   3            TRAM = tram;
  26   3            CHUC = chuc;
  27   3            DON_VI = don_vi;
  28   3            dem++;
  29   3            dem = dem % 1000;
  30   3            Sleep_ms(900);
  31   3          }
  32   2        }
  33   1      }


MODULE INFORMATION:   STATIC OVERLAYABLE
   CODE SIZE        =    135    ----
   CONSTANT SIZE    =   ----    ----
   XDATA SIZE       =   ----    ----
   PDATA SIZE       =   ----    ----
   DATA SIZE        =   ----       5
   IDATA SIZE       =   ----    ----
   BIT SIZE         =   ----    ----
END OF MODULE INFORMATION.


C51 COMPILATION COMPLETE.  0 WARNING(S),  0 ERROR(S)
