C51 COMPILER V9.60.0.0   MAIN                                                              07/19/2021 22:43:10 PAGE 1   


C51 COMPILER V9.60.0.0, COMPILATION OF MODULE MAIN
OBJECT MODULE PLACED IN .\Objects\main.obj
COMPILER INVOKED BY: C:\Keil_v5\C51\BIN\C51.EXE main.c OPTIMIZE(8,SPEED) BROWSE DEBUG OBJECTEXTEND PRINT(.\Listings\main
                    -.lst) TABS(2) OBJECT(.\Objects\main.obj)

line level    source

   1          #include "D:\8051\IC_7447\IC_7447.h"
*** WARNING C318 IN LINE 1 OF main.c: can't open file 'D:\8051\IC_7447\IC_7447.h'
   2          
   3          void main()
   4          {
   5   1        while(1)
   6   1        {
   7   2          IC_7447();
*** WARNING C206 IN LINE 7 OF main.c: 'IC_7447': missing function-prototype
   8   2        }
   9   1        
  10   1      }


MODULE INFORMATION:   STATIC OVERLAYABLE
   CODE SIZE        =      5    ----
   CONSTANT SIZE    =   ----    ----
   XDATA SIZE       =   ----    ----
   PDATA SIZE       =   ----    ----
   DATA SIZE        =   ----    ----
   IDATA SIZE       =   ----    ----
   BIT SIZE         =   ----    ----
END OF MODULE INFORMATION.


C51 COMPILATION COMPLETE.  2 WARNING(S),  0 ERROR(S)
